

Started GET "/" for ::1 at 2015-09-12 21:55:17 -0700
Processing by Rails::WelcomeController#index as HTML
  Rendered /Users/bjones/.rvm/gems/ruby-2.2.0/gems/railties-4.2.1/lib/rails/templates/rails/welcome/index.html.erb (1.6ms)
Completed 200 OK in 15ms (Views: 8.6ms | ActiveRecord: 0.0ms)


Started GET "/" for ::1 at 2015-09-12 22:01:45 -0700
Processing by Rails::WelcomeController#index as HTML
  Rendered /Users/bjones/.rvm/gems/ruby-2.2.0/gems/railties-4.2.1/lib/rails/templates/rails/welcome/index.html.erb (1.1ms)
Completed 200 OK in 9ms (Views: 8.4ms | ActiveRecord: 0.0ms)


Started GET "/" for ::1 at 2015-09-12 22:02:08 -0700

ActionController::RoutingError - uninitialized constant StaticPagesController:
  actionpack (4.2.1) lib/action_dispatch/routing/route_set.rb:63:in `rescue in controller'
  actionpack (4.2.1) lib/action_dispatch/routing/route_set.rb:58:in `controller'
  actionpack (4.2.1) lib/action_dispatch/routing/route_set.rb:39:in `serve'
  actionpack (4.2.1) lib/action_dispatch/journey/router.rb:43:in `block in serve'
  actionpack (4.2.1) lib/action_dispatch/journey/router.rb:30:in `serve'
  actionpack (4.2.1) lib/action_dispatch/routing/route_set.rb:819:in `call'
  meta_request (0.3.4) lib/meta_request/middlewares/app_request_handler.rb:13:in `call'
  meta_request (0.3.4) lib/meta_request/middlewares/meta_request_handler.rb:13:in `call'
  rack (1.6.4) lib/rack/etag.rb:24:in `call'
  rack (1.6.4) lib/rack/conditionalget.rb:25:in `call'
  rack (1.6.4) lib/rack/head.rb:13:in `call'
  actionpack (4.2.1) lib/action_dispatch/middleware/params_parser.rb:27:in `call'
  actionpack (4.2.1) lib/action_dispatch/middleware/flash.rb:260:in `call'
  rack (1.6.4) lib/rack/session/abstract/id.rb:225:in `context'
  rack (1.6.4) lib/rack/session/abstract/id.rb:220:in `call'
  actionpack (4.2.1) lib/action_dispatch/middleware/cookies.rb:560:in `call'
  activerecord (4.2.1) lib/active_record/query_cache.rb:36:in `call'
  activerecord (4.2.1) lib/active_record/connection_adapters/abstract/connection_pool.rb:649:in `call'
  activerecord (4.2.1) lib/active_record/migration.rb:378:in `call'
  actionpack (4.2.1) lib/action_dispatch/middleware/callbacks.rb:29:in `block in call'
  activesupport (4.2.1) lib/active_support/callbacks.rb:88:in `_run_callbacks'
  activesupport (4.2.1) lib/active_support/callbacks.rb:776:in `_run_call_callbacks'
  activesupport (4.2.1) lib/active_support/callbacks.rb:81:in `run_callbacks'
  actionpack (4.2.1) lib/action_dispatch/middleware/callbacks.rb:27:in `call'
  actionpack (4.2.1) lib/action_dispatch/middleware/reloader.rb:73:in `call'
  actionpack (4.2.1) lib/action_dispatch/middleware/remote_ip.rb:78:in `call'
  rack-contrib (1.4.0) lib/rack/contrib/response_headers.rb:17:in `call'
  meta_request (0.3.4) lib/meta_request/middlewares/headers.rb:16:in `call'
  better_errors (2.1.1) lib/better_errors/middleware.rb:84:in `protected_app_call'
  better_errors (2.1.1) lib/better_errors/middleware.rb:79:in `better_errors_call'
  better_errors (2.1.1) lib/better_errors/middleware.rb:57:in `call'
  actionpack (4.2.1) lib/action_dispatch/middleware/debug_exceptions.rb:17:in `call'
  actionpack (4.2.1) lib/action_dispatch/middleware/show_exceptions.rb:30:in `call'
  railties (4.2.1) lib/rails/rack/logger.rb:38:in `call_app'
  railties (4.2.1) lib/rails/rack/logger.rb:20:in `block in call'
  activesupport (4.2.1) lib/active_support/tagged_logging.rb:68:in `block in tagged'
  activesupport (4.2.1) lib/active_support/tagged_logging.rb:26:in `tagged'
  activesupport (4.2.1) lib/active_support/tagged_logging.rb:68:in `tagged'
  railties (4.2.1) lib/rails/rack/logger.rb:20:in `call'
  actionpack (4.2.1) lib/action_dispatch/middleware/request_id.rb:21:in `call'
  rack (1.6.4) lib/rack/methodoverride.rb:22:in `call'
  rack (1.6.4) lib/rack/runtime.rb:18:in `call'
  activesupport (4.2.1) lib/active_support/cache/strategy/local_cache_middleware.rb:28:in `call'
  rack (1.6.4) lib/rack/lock.rb:17:in `call'
  actionpack (4.2.1) lib/action_dispatch/middleware/static.rb:113:in `call'
  rack (1.6.4) lib/rack/sendfile.rb:113:in `call'
  railties (4.2.1) lib/rails/engine.rb:518:in `call'
  railties (4.2.1) lib/rails/application.rb:164:in `call'
  rack (1.6.4) lib/rack/lock.rb:17:in `call'
  rack (1.6.4) lib/rack/content_length.rb:15:in `call'
  rack (1.6.4) lib/rack/handler/webrick.rb:88:in `service'
  /Users/bjones/.rvm/rubies/ruby-2.2.0/lib/ruby/2.2.0/webrick/httpserver.rb:138:in `service'
  /Users/bjones/.rvm/rubies/ruby-2.2.0/lib/ruby/2.2.0/webrick/httpserver.rb:94:in `run'
  /Users/bjones/.rvm/rubies/ruby-2.2.0/lib/ruby/2.2.0/webrick/server.rb:294:in `block in start_thread'



Started POST "/__better_errors/f374c690ae03b07e/variables" for ::1 at 2015-09-12 22:02:08 -0700

NameError (wrong local variable name `#$!' for #<Binding:0x007fc61b189500>):
  better_errors (2.1.1) lib/better_errors/stack_frame.rb:73:in `local_variable_get'
  better_errors (2.1.1) lib/better_errors/stack_frame.rb:73:in `block in local_variables'
  better_errors (2.1.1) lib/better_errors/stack_frame.rb:71:in `each'
  better_errors (2.1.1) lib/better_errors/stack_frame.rb:71:in `each_with_object'
  better_errors (2.1.1) lib/better_errors/stack_frame.rb:71:in `local_variables'
  (erubis:52:in `render'
  erubis (2.7.0) lib/erubis/evaluator.rb:65:in `eval'
  erubis (2.7.0) lib/erubis/evaluator.rb:65:in `result'
  better_errors (2.1.1) lib/better_errors/error_page.rb:30:in `render'
  better_errors (2.1.1) lib/better_errors/error_page.rb:37:in `do_variables'
  better_errors (2.1.1) lib/better_errors/middleware.rb:132:in `internal_call'
  better_errors (2.1.1) lib/better_errors/middleware.rb:75:in `better_errors_call'
  better_errors (2.1.1) lib/better_errors/middleware.rb:57:in `call'
  actionpack (4.2.1) lib/action_dispatch/middleware/debug_exceptions.rb:17:in `call'
  actionpack (4.2.1) lib/action_dispatch/middleware/show_exceptions.rb:30:in `call'
  railties (4.2.1) lib/rails/rack/logger.rb:38:in `call_app'
  railties (4.2.1) lib/rails/rack/logger.rb:20:in `block in call'
  activesupport (4.2.1) lib/active_support/tagged_logging.rb:68:in `block in tagged'
  activesupport (4.2.1) lib/active_support/tagged_logging.rb:26:in `tagged'
  activesupport (4.2.1) lib/active_support/tagged_logging.rb:68:in `tagged'
  railties (4.2.1) lib/rails/rack/logger.rb:20:in `call'
  actionpack (4.2.1) lib/action_dispatch/middleware/request_id.rb:21:in `call'
  rack (1.6.4) lib/rack/methodoverride.rb:22:in `call'
  rack (1.6.4) lib/rack/runtime.rb:18:in `call'
  activesupport (4.2.1) lib/active_support/cache/strategy/local_cache_middleware.rb:28:in `call'
  rack (1.6.4) lib/rack/lock.rb:17:in `call'
  actionpack (4.2.1) lib/action_dispatch/middleware/static.rb:113:in `call'
  rack (1.6.4) lib/rack/sendfile.rb:113:in `call'
  railties (4.2.1) lib/rails/engine.rb:518:in `call'
  railties (4.2.1) lib/rails/application.rb:164:in `call'
  rack (1.6.4) lib/rack/lock.rb:17:in `call'
  rack (1.6.4) lib/rack/content_length.rb:15:in `call'
  rack (1.6.4) lib/rack/handler/webrick.rb:88:in `service'
  /Users/bjones/.rvm/rubies/ruby-2.2.0/lib/ruby/2.2.0/webrick/httpserver.rb:138:in `service'
  /Users/bjones/.rvm/rubies/ruby-2.2.0/lib/ruby/2.2.0/webrick/httpserver.rb:94:in `run'
  /Users/bjones/.rvm/rubies/ruby-2.2.0/lib/ruby/2.2.0/webrick/server.rb:294:in `block in start_thread'


  Rendered /Users/bjones/.rvm/gems/ruby-2.2.0/gems/actionpack-4.2.1/lib/action_dispatch/middleware/templates/rescues/_source.erb (1.7ms)
  Rendered /Users/bjones/.rvm/gems/ruby-2.2.0/gems/actionpack-4.2.1/lib/action_dispatch/middleware/templates/rescues/_trace.html.erb (1.1ms)
  Rendered /Users/bjones/.rvm/gems/ruby-2.2.0/gems/actionpack-4.2.1/lib/action_dispatch/middleware/templates/rescues/_request_and_response.html.erb (1.3ms)
  Rendered /Users/bjones/.rvm/gems/ruby-2.2.0/gems/actionpack-4.2.1/lib/action_dispatch/middleware/templates/rescues/diagnostics.html.erb within rescues/layout (46.1ms)


Started GET "/" for ::1 at 2015-09-12 22:03:18 -0700
Processing by StaticPagesController#home as HTML
  Rendered static_pages/home.html.haml within layouts/application (0.5ms)
Completed 500  in 130ms (ActiveRecord: 0.0ms)

Sprockets::FileNotFound - couldn't find file 'turbolinks' with type 'application/javascript':
  sprockets (3.3.4) lib/sprockets/directive_processor.rb:182:in `rescue in block in process_directives'
  sprockets (3.3.4) lib/sprockets/directive_processor.rb:179:in `block in process_directives'
  sprockets (3.3.4) lib/sprockets/directive_processor.rb:178:in `process_directives'
  sprockets (3.3.4) lib/sprockets/directive_processor.rb:83:in `_call'
  sprockets (3.3.4) lib/sprockets/directive_processor.rb:68:in `call'
  sprockets (3.3.4) lib/sprockets/processor_utils.rb:75:in `call_processor'
  sprockets (3.3.4) lib/sprockets/processor_utils.rb:57:in `block in call_processors'
  sprockets (3.3.4) lib/sprockets/processor_utils.rb:56:in `call_processors'
  sprockets (3.3.4) lib/sprockets/loader.rb:134:in `load_from_unloaded'
  sprockets (3.3.4) lib/sprockets/loader.rb:60:in `block in load'
  sprockets (3.3.4) lib/sprockets/loader.rb:316:in `fetch_asset_from_dependency_cache'
  sprockets (3.3.4) lib/sprockets/loader.rb:44:in `load'
  sprockets (3.3.4) lib/sprockets/cached_environment.rb:20:in `block in initialize'
  sprockets (3.3.4) lib/sprockets/cached_environment.rb:47:in `load'
  sprockets (3.3.4) lib/sprockets/bundle.rb:23:in `block in call'
  sprockets (3.3.4) lib/sprockets/utils.rb:183:in `dfs'
  sprockets (3.3.4) lib/sprockets/bundle.rb:24:in `call'
  sprockets (3.3.4) lib/sprockets/processor_utils.rb:75:in `call_processor'
  sprockets (3.3.4) lib/sprockets/processor_utils.rb:57:in `block in call_processors'
  sprockets (3.3.4) lib/sprockets/processor_utils.rb:56:in `call_processors'
  sprockets (3.3.4) lib/sprockets/loader.rb:134:in `load_from_unloaded'
  sprockets (3.3.4) lib/sprockets/loader.rb:60:in `block in load'
  sprockets (3.3.4) lib/sprockets/loader.rb:316:in `fetch_asset_from_dependency_cache'
  sprockets (3.3.4) lib/sprockets/loader.rb:44:in `load'
  sprockets (3.3.4) lib/sprockets/cached_environment.rb:20:in `block in initialize'
  sprockets (3.3.4) lib/sprockets/cached_environment.rb:47:in `load'
  sprockets (3.3.4) lib/sprockets/base.rb:66:in `find_asset'
  sprockets (3.3.4) lib/sprockets/environment.rb:30:in `find_asset'
  sprockets (3.3.4) lib/sprockets/base.rb:92:in `[]'
  sprockets-rails (2.3.3) lib/sprockets/rails/helper.rb:230:in `lookup_asset_for_path'
  sprockets-rails (2.3.3) lib/sprockets/rails/helper.rb:190:in `check_errors_for'
  sprockets-rails (2.3.3) lib/sprockets/rails/helper.rb:137:in `block in javascript_include_tag'
  sprockets-rails (2.3.3) lib/sprockets/rails/helper.rb:136:in `javascript_include_tag'
  app/views/layouts/application.html.erb:6:in `_app_views_layouts_application_html_erb___941666351584303505_70244450846740'
  actionview (4.2.1) lib/action_view/template.rb:145:in `block in render'
  activesupport (4.2.1) lib/active_support/notifications.rb:166:in `instrument'
  actionview (4.2.1) lib/action_view/template.rb:333:in `instrument'
  actionview (4.2.1) lib/action_view/template.rb:143:in `render'
  actionview (4.2.1) lib/action_view/renderer/template_renderer.rb:66:in `render_with_layout'
  actionview (4.2.1) lib/action_view/renderer/template_renderer.rb:52:in `render_template'
  actionview (4.2.1) lib/action_view/renderer/template_renderer.rb:14:in `render'
  actionview (4.2.1) lib/action_view/renderer/renderer.rb:42:in `render_template'
  actionview (4.2.1) lib/action_view/renderer/renderer.rb:23:in `render'
  actionview (4.2.1) lib/action_view/rendering.rb:100:in `_render_template'
  actionpack (4.2.1) lib/action_controller/metal/streaming.rb:217:in `_render_template'
  actionview (4.2.1) lib/action_view/rendering.rb:83:in `render_to_body'
  actionpack (4.2.1) lib/action_controller/metal/rendering.rb:32:in `render_to_body'
  actionpack (4.2.1) lib/action_controller/metal/renderers.rb:37:in `render_to_body'
  actionpack (4.2.1) lib/abstract_controller/rendering.rb:25:in `render'
  actionpack (4.2.1) lib/action_controller/metal/rendering.rb:16:in `render'
  actionpack (4.2.1) lib/action_controller/metal/instrumentation.rb:44:in `block (2 levels) in render'
  activesupport (4.2.1) lib/active_support/core_ext/benchmark.rb:12:in `block in ms'
  /Users/bjones/.rvm/rubies/ruby-2.2.0/lib/ruby/2.2.0/benchmark.rb:303:in `realtime'
  activesupport (4.2.1) lib/active_support/core_ext/benchmark.rb:12:in `ms'
  actionpack (4.2.1) lib/action_controller/metal/instrumentation.rb:44:in `block in render'
  actionpack (4.2.1) lib/action_controller/metal/instrumentation.rb:87:in `cleanup_view_runtime'
  activerecord (4.2.1) lib/active_record/railties/controller_runtime.rb:25:in `cleanup_view_runtime'
  actionpack (4.2.1) lib/action_controller/metal/instrumentation.rb:43:in `render'
  actionpack (4.2.1) lib/action_controller/metal/implicit_render.rb:10:in `default_render'
  actionpack (4.2.1) lib/action_controller/metal/implicit_render.rb:5:in `send_action'
  actionpack (4.2.1) lib/abstract_controller/base.rb:198:in `process_action'
  actionpack (4.2.1) lib/action_controller/metal/rendering.rb:10:in `process_action'
  actionpack (4.2.1) lib/abstract_controller/callbacks.rb:20:in `block in process_action'
  activesupport (4.2.1) lib/active_support/callbacks.rb:117:in `call'
  activesupport (4.2.1) lib/active_support/callbacks.rb:555:in `block (2 levels) in compile'
  activesupport (4.2.1) lib/active_support/callbacks.rb:505:in `call'
  activesupport (4.2.1) lib/active_support/callbacks.rb:92:in `_run_callbacks'
  activesupport (4.2.1) lib/active_support/callbacks.rb:776:in `_run_process_action_callbacks'
  activesupport (4.2.1) lib/active_support/callbacks.rb:81:in `run_callbacks'
  actionpack (4.2.1) lib/abstract_controller/callbacks.rb:19:in `process_action'
  actionpack (4.2.1) lib/action_controller/metal/rescue.rb:29:in `process_action'
  actionpack (4.2.1) lib/action_controller/metal/instrumentation.rb:32:in `block in process_action'
  activesupport (4.2.1) lib/active_support/notifications.rb:164:in `block in instrument'
  activesupport (4.2.1) lib/active_support/notifications/instrumenter.rb:20:in `instrument'
  activesupport (4.2.1) lib/active_support/notifications.rb:164:in `instrument'
  actionpack (4.2.1) lib/action_controller/metal/instrumentation.rb:30:in `process_action'
  actionpack (4.2.1) lib/action_controller/metal/params_wrapper.rb:250:in `process_action'
  activerecord (4.2.1) lib/active_record/railties/controller_runtime.rb:18:in `process_action'
  actionpack (4.2.1) lib/abstract_controller/base.rb:137:in `process'
  actionview (4.2.1) lib/action_view/rendering.rb:30:in `process'
  actionpack (4.2.1) lib/action_controller/metal.rb:196:in `dispatch'
  actionpack (4.2.1) lib/action_controller/metal/rack_delegation.rb:13:in `dispatch'
  actionpack (4.2.1) lib/action_controller/metal.rb:237:in `block in action'
  actionpack (4.2.1) lib/action_dispatch/routing/route_set.rb:74:in `dispatch'
  actionpack (4.2.1) lib/action_dispatch/routing/route_set.rb:43:in `serve'
  actionpack (4.2.1) lib/action_dispatch/journey/router.rb:43:in `block in serve'
  actionpack (4.2.1) lib/action_dispatch/journey/router.rb:30:in `serve'
  actionpack (4.2.1) lib/action_dispatch/routing/route_set.rb:819:in `call'
  meta_request (0.3.4) lib/meta_request/middlewares/app_request_handler.rb:13:in `call'
  meta_request (0.3.4) lib/meta_request/middlewares/meta_request_handler.rb:13:in `call'
  rack (1.6.4) lib/rack/etag.rb:24:in `call'
  rack (1.6.4) lib/rack/conditionalget.rb:25:in `call'
  rack (1.6.4) lib/rack/head.rb:13:in `call'
  actionpack (4.2.1) lib/action_dispatch/middleware/params_parser.rb:27:in `call'
  actionpack (4.2.1) lib/action_dispatch/middleware/flash.rb:260:in `call'
  rack (1.6.4) lib/rack/session/abstract/id.rb:225:in `context'
  rack (1.6.4) lib/rack/session/abstract/id.rb:220:in `call'
  actionpack (4.2.1) lib/action_dispatch/middleware/cookies.rb:560:in `call'
  activerecord (4.2.1) lib/active_record/query_cache.rb:36:in `call'
  activerecord (4.2.1) lib/active_record/connection_adapters/abstract/connection_pool.rb:649:in `call'
  activerecord (4.2.1) lib/active_record/migration.rb:378:in `call'
  actionpack (4.2.1) lib/action_dispatch/middleware/callbacks.rb:29:in `block in call'
  activesupport (4.2.1) lib/active_support/callbacks.rb:88:in `_run_callbacks'
  activesupport (4.2.1) lib/active_support/callbacks.rb:776:in `_run_call_callbacks'
  activesupport (4.2.1) lib/active_support/callbacks.rb:81:in `run_callbacks'
  actionpack (4.2.1) lib/action_dispatch/middleware/callbacks.rb:27:in `call'
  actionpack (4.2.1) lib/action_dispatch/middleware/reloader.rb:73:in `call'
  actionpack (4.2.1) lib/action_dispatch/middleware/remote_ip.rb:78:in `call'
  rack-contrib (1.4.0) lib/rack/contrib/response_headers.rb:17:in `call'
  meta_request (0.3.4) lib/meta_request/middlewares/headers.rb:16:in `call'
  better_errors (2.1.1) lib/better_errors/middleware.rb:84:in `protected_app_call'
  better_errors (2.1.1) lib/better_errors/middleware.rb:79:in `better_errors_call'
  better_errors (2.1.1) lib/better_errors/middleware.rb:57:in `call'
  actionpack (4.2.1) lib/action_dispatch/middleware/debug_exceptions.rb:17:in `call'
  actionpack (4.2.1) lib/action_dispatch/middleware/show_exceptions.rb:30:in `call'
  railties (4.2.1) lib/rails/rack/logger.rb:38:in `call_app'
  railties (4.2.1) lib/rails/rack/logger.rb:20:in `block in call'
  activesupport (4.2.1) lib/active_support/tagged_logging.rb:68:in `block in tagged'
  activesupport (4.2.1) lib/active_support/tagged_logging.rb:26:in `tagged'
  activesupport (4.2.1) lib/active_support/tagged_logging.rb:68:in `tagged'
  railties (4.2.1) lib/rails/rack/logger.rb:20:in `call'
  actionpack (4.2.1) lib/action_dispatch/middleware/request_id.rb:21:in `call'
  rack (1.6.4) lib/rack/methodoverride.rb:22:in `call'
  rack (1.6.4) lib/rack/runtime.rb:18:in `call'
  activesupport (4.2.1) lib/active_support/cache/strategy/local_cache_middleware.rb:28:in `call'
  rack (1.6.4) lib/rack/lock.rb:17:in `call'
  actionpack (4.2.1) lib/action_dispatch/middleware/static.rb:113:in `call'
  rack (1.6.4) lib/rack/sendfile.rb:113:in `call'
  railties (4.2.1) lib/rails/engine.rb:518:in `call'
  railties (4.2.1) lib/rails/application.rb:164:in `call'
  rack (1.6.4) lib/rack/lock.rb:17:in `call'
  rack (1.6.4) lib/rack/content_length.rb:15:in `call'
  rack (1.6.4) lib/rack/handler/webrick.rb:88:in `service'
  /Users/bjones/.rvm/rubies/ruby-2.2.0/lib/ruby/2.2.0/webrick/httpserver.rb:138:in `service'
  /Users/bjones/.rvm/rubies/ruby-2.2.0/lib/ruby/2.2.0/webrick/httpserver.rb:94:in `run'
  /Users/bjones/.rvm/rubies/ruby-2.2.0/lib/ruby/2.2.0/webrick/server.rb:294:in `block in start_thread'



Started POST "/__better_errors/a1d98560d430e6ff/variables" for ::1 at 2015-09-12 22:03:18 -0700


Started GET "/" for ::1 at 2015-09-12 22:04:00 -0700
Processing by StaticPagesController#home as HTML
  Rendered static_pages/home.html.haml within layouts/application (1.1ms)
Completed 200 OK in 236ms (Views: 235.6ms | ActiveRecord: 0.0ms)


Started GET "/assets/application.self-e80e8f2318043e8af94dddc2adad5a4f09739a8ebb323b3ab31cd71d45fd9113.css?body=1" for ::1 at 2015-09-12 22:04:00 -0700


Started GET "/assets/jquery.self-a714331225dda820228db323939889f149aec0127aeb06255646b616ba1ca419.js?body=1" for ::1 at 2015-09-12 22:04:00 -0700


Started GET "/assets/jquery_ujs.self-d456baa54c1fa6be2ec3711f0a72ddf7a5b2f34a6b4f515f33767d6207b7d4b3.js?body=1" for ::1 at 2015-09-12 22:04:00 -0700


Started GET "/assets/application.self-377610cd7c1509e934744c810e3b4cf672dfbcacac3274e7d039827e2ae0fcc7.js?body=1" for ::1 at 2015-09-12 22:04:00 -0700


Started GET "/" for ::1 at 2015-09-12 22:04:10 -0700
Processing by StaticPagesController#home as HTML
  Rendered static_pages/home.html.haml within layouts/application (0.6ms)
Completed 200 OK in 23ms (Views: 23.0ms | ActiveRecord: 0.0ms)


Started GET "/assets/application.self-e80e8f2318043e8af94dddc2adad5a4f09739a8ebb323b3ab31cd71d45fd9113.css?body=1" for ::1 at 2015-09-12 22:04:10 -0700


Started GET "/assets/jquery.self-a714331225dda820228db323939889f149aec0127aeb06255646b616ba1ca419.js?body=1" for ::1 at 2015-09-12 22:04:10 -0700


Started GET "/assets/jquery_ujs.self-d456baa54c1fa6be2ec3711f0a72ddf7a5b2f34a6b4f515f33767d6207b7d4b3.js?body=1" for ::1 at 2015-09-12 22:04:10 -0700


Started GET "/assets/application.self-377610cd7c1509e934744c810e3b4cf672dfbcacac3274e7d039827e2ae0fcc7.js?body=1" for ::1 at 2015-09-12 22:04:10 -0700


Started GET "/" for ::1 at 2015-09-12 22:12:04 -0700
Processing by StaticPagesController#home as HTML
  Rendered static_pages/home.html.haml within layouts/application (2.0ms)
Completed 200 OK in 247ms (Views: 246.6ms | ActiveRecord: 0.0ms)


Started GET "/assets/application.self-f0904d86ed0a8cdbda0173ffabfb868afa8c01608bb1fb2a3caa7ff12dea5a71.css?body=1" for ::1 at 2015-09-12 22:12:05 -0700


Started GET "/assets/jquery.self-a714331225dda820228db323939889f149aec0127aeb06255646b616ba1ca419.js?body=1" for ::1 at 2015-09-12 22:12:05 -0700


Started GET "/assets/jquery_ujs.self-d456baa54c1fa6be2ec3711f0a72ddf7a5b2f34a6b4f515f33767d6207b7d4b3.js?body=1" for ::1 at 2015-09-12 22:12:05 -0700


Started GET "/assets/application.self-377610cd7c1509e934744c810e3b4cf672dfbcacac3274e7d039827e2ae0fcc7.js?body=1" for ::1 at 2015-09-12 22:12:05 -0700


Started GET "/assets/jquery_ujs.self-d456baa54c1fa6be2ec3711f0a72ddf7a5b2f34a6b4f515f33767d6207b7d4b3.js?body=1" for ::1 at 2015-09-12 22:12:05 -0700


Started GET "/assets/application.self-377610cd7c1509e934744c810e3b4cf672dfbcacac3274e7d039827e2ae0fcc7.js?body=1" for ::1 at 2015-09-12 22:12:05 -0700


Started GET "/" for ::1 at 2015-09-12 22:15:07 -0700
Processing by StaticPagesController#home as HTML
  Rendered static_pages/home.html.haml within layouts/application (0.1ms)
Completed 200 OK in 330ms (Views: 329.6ms | ActiveRecord: 0.0ms)


Started GET "/assets/application.self-1f139ec8fc653ad70e6ef9ff20fe1560b339699050a057691af7823e4f84b8fe.css?body=1" for ::1 at 2015-09-12 22:15:07 -0700


Started GET "/assets/jquery.self-a714331225dda820228db323939889f149aec0127aeb06255646b616ba1ca419.js?body=1" for ::1 at 2015-09-12 22:15:07 -0700


Started GET "/assets/jquery_ujs.self-d456baa54c1fa6be2ec3711f0a72ddf7a5b2f34a6b4f515f33767d6207b7d4b3.js?body=1" for ::1 at 2015-09-12 22:15:07 -0700


Started GET "/assets/bootstrap/affix.self-f7aef9d98ee5ece34a6a92a6a15bba777d93e8d908b75c95a85088277f394200.js?body=1" for ::1 at 2015-09-12 22:15:07 -0700


Started GET "/assets/bootstrap/alert.self-896ab026e6823f5cef2441e07dac53d0692a5b772ac58b1ce20aa624c342d3f4.js?body=1" for ::1 at 2015-09-12 22:15:07 -0700


Started GET "/assets/bootstrap/button.self-d19f3e2bcd3a7a4d75c11b9141b3fabd2c11987da1e99c85548ec3ecf8db30c3.js?body=1" for ::1 at 2015-09-12 22:15:07 -0700


Started GET "/assets/bootstrap/carousel.self-b2e5e14483e6c31343a83861b7d487620f143d6fc2d07d5ae7544b6b225ba6be.js?body=1" for ::1 at 2015-09-12 22:15:07 -0700


Started GET "/assets/bootstrap/collapse.self-93820e9b486e375a7fb4477602def3a6f8381fa6d50938d5378297ffbe4a1248.js?body=1" for ::1 at 2015-09-12 22:15:07 -0700


Started GET "/assets/bootstrap/dropdown.self-30536ae4d54b2685c26b5787ed0eb549a9075717fe690cce6270873bedf2df00.js?body=1" for ::1 at 2015-09-12 22:15:07 -0700


Started GET "/assets/bootstrap/tab.self-9b77df34cbbb08ec93a806d6cdb741f04e3dbf3389978a0679146f2d2987bc89.js?body=1" for ::1 at 2015-09-12 22:15:07 -0700


Started GET "/assets/bootstrap/transition.self-9616c4e856b57659b67da3c6f2adcd584b5601ef4bebcdadab8ebb387d80bb25.js?body=1" for ::1 at 2015-09-12 22:15:07 -0700


Started GET "/assets/bootstrap/scrollspy.self-c5c6ed008955656d345067e9821d79f1216b8383134d08465d4aa1a33a2b93b4.js?body=1" for ::1 at 2015-09-12 22:15:07 -0700


Started GET "/assets/bootstrap/modal.self-bcfe54f3132bf16a8c5ce4289e47eba488f6522a08f49f378a037061c6c7aa4c.js?body=1" for ::1 at 2015-09-12 22:15:07 -0700


Started GET "/assets/bootstrap/tooltip.self-3aa41fbe871573b34e0ebddf31598cd5a11a9841ca85f90934ea46326e46626d.js?body=1" for ::1 at 2015-09-12 22:15:07 -0700


Started GET "/assets/bootstrap/popover.self-b73e9c9111d01148e24bbc46e096782e024dc5db630e7078cf11ed2587ef8551.js?body=1" for ::1 at 2015-09-12 22:15:07 -0700


Started GET "/assets/bootstrap-sprockets.self-fbfa5ad7d9aa0afe439ec4ff3883acc4cb92b62cb67c40d674320c9aa1d4642d.js?body=1" for ::1 at 2015-09-12 22:15:07 -0700


Started GET "/assets/application.self-f8806224e027f3e3f0138ea9ce99319e298dfdb323304d1f1be6eae8e8c74724.js?body=1" for ::1 at 2015-09-12 22:15:07 -0700


Started GET "/" for ::1 at 2015-09-12 22:15:23 -0700
Processing by StaticPagesController#home as HTML
  Rendered static_pages/home.html.haml within layouts/application (0.1ms)
Completed 200 OK in 53ms (Views: 52.7ms | ActiveRecord: 0.0ms)


Started GET "/assets/application.self-1f139ec8fc653ad70e6ef9ff20fe1560b339699050a057691af7823e4f84b8fe.css?body=1" for ::1 at 2015-09-12 22:15:23 -0700


Started GET "/assets/jquery.self-a714331225dda820228db323939889f149aec0127aeb06255646b616ba1ca419.js?body=1" for ::1 at 2015-09-12 22:15:23 -0700


Started GET "/assets/bootstrap/affix.self-f7aef9d98ee5ece34a6a92a6a15bba777d93e8d908b75c95a85088277f394200.js?body=1" for ::1 at 2015-09-12 22:15:23 -0700


Started GET "/assets/bootstrap/alert.self-896ab026e6823f5cef2441e07dac53d0692a5b772ac58b1ce20aa624c342d3f4.js?body=1" for ::1 at 2015-09-12 22:15:23 -0700


Started GET "/assets/jquery_ujs.self-d456baa54c1fa6be2ec3711f0a72ddf7a5b2f34a6b4f515f33767d6207b7d4b3.js?body=1" for ::1 at 2015-09-12 22:15:23 -0700


Started GET "/assets/bootstrap/carousel.self-b2e5e14483e6c31343a83861b7d487620f143d6fc2d07d5ae7544b6b225ba6be.js?body=1" for ::1 at 2015-09-12 22:15:23 -0700


Started GET "/assets/bootstrap/button.self-d19f3e2bcd3a7a4d75c11b9141b3fabd2c11987da1e99c85548ec3ecf8db30c3.js?body=1" for ::1 at 2015-09-12 22:15:23 -0700


Started GET "/assets/bootstrap/collapse.self-93820e9b486e375a7fb4477602def3a6f8381fa6d50938d5378297ffbe4a1248.js?body=1" for ::1 at 2015-09-12 22:15:23 -0700


Started GET "/assets/bootstrap/dropdown.self-30536ae4d54b2685c26b5787ed0eb549a9075717fe690cce6270873bedf2df00.js?body=1" for ::1 at 2015-09-12 22:15:23 -0700


Started GET "/assets/bootstrap/tab.self-9b77df34cbbb08ec93a806d6cdb741f04e3dbf3389978a0679146f2d2987bc89.js?body=1" for ::1 at 2015-09-12 22:15:23 -0700


Started GET "/assets/bootstrap/transition.self-9616c4e856b57659b67da3c6f2adcd584b5601ef4bebcdadab8ebb387d80bb25.js?body=1" for ::1 at 2015-09-12 22:15:23 -0700


Started GET "/assets/bootstrap/scrollspy.self-c5c6ed008955656d345067e9821d79f1216b8383134d08465d4aa1a33a2b93b4.js?body=1" for ::1 at 2015-09-12 22:15:23 -0700


Started GET "/assets/bootstrap/modal.self-bcfe54f3132bf16a8c5ce4289e47eba488f6522a08f49f378a037061c6c7aa4c.js?body=1" for ::1 at 2015-09-12 22:15:23 -0700


Started GET "/assets/bootstrap/tooltip.self-3aa41fbe871573b34e0ebddf31598cd5a11a9841ca85f90934ea46326e46626d.js?body=1" for ::1 at 2015-09-12 22:15:23 -0700


Started GET "/assets/bootstrap/popover.self-b73e9c9111d01148e24bbc46e096782e024dc5db630e7078cf11ed2587ef8551.js?body=1" for ::1 at 2015-09-12 22:15:23 -0700


Started GET "/assets/bootstrap-sprockets.self-fbfa5ad7d9aa0afe439ec4ff3883acc4cb92b62cb67c40d674320c9aa1d4642d.js?body=1" for ::1 at 2015-09-12 22:15:23 -0700


Started GET "/assets/application.self-f8806224e027f3e3f0138ea9ce99319e298dfdb323304d1f1be6eae8e8c74724.js?body=1" for ::1 at 2015-09-12 22:15:23 -0700


Started GET "/" for ::1 at 2015-09-12 22:15:49 -0700
Processing by StaticPagesController#home as HTML
  Rendered static_pages/home.html.haml within layouts/application (0.1ms)
Completed 200 OK in 55ms (Views: 54.8ms | ActiveRecord: 0.0ms)


Started GET "/assets/jquery.self-a714331225dda820228db323939889f149aec0127aeb06255646b616ba1ca419.js?body=1" for ::1 at 2015-09-12 22:15:49 -0700


Started GET "/assets/application.self-1f139ec8fc653ad70e6ef9ff20fe1560b339699050a057691af7823e4f84b8fe.css?body=1" for ::1 at 2015-09-12 22:15:49 -0700


Started GET "/assets/bootstrap/affix.self-f7aef9d98ee5ece34a6a92a6a15bba777d93e8d908b75c95a85088277f394200.js?body=1" for ::1 at 2015-09-12 22:15:49 -0700


Started GET "/assets/jquery_ujs.self-d456baa54c1fa6be2ec3711f0a72ddf7a5b2f34a6b4f515f33767d6207b7d4b3.js?body=1" for ::1 at 2015-09-12 22:15:49 -0700


Started GET "/assets/bootstrap/button.self-d19f3e2bcd3a7a4d75c11b9141b3fabd2c11987da1e99c85548ec3ecf8db30c3.js?body=1" for ::1 at 2015-09-12 22:15:49 -0700


Started GET "/assets/bootstrap/alert.self-896ab026e6823f5cef2441e07dac53d0692a5b772ac58b1ce20aa624c342d3f4.js?body=1" for ::1 at 2015-09-12 22:15:50 -0700


Started GET "/assets/bootstrap/carousel.self-b2e5e14483e6c31343a83861b7d487620f143d6fc2d07d5ae7544b6b225ba6be.js?body=1" for ::1 at 2015-09-12 22:15:50 -0700


Started GET "/assets/bootstrap/collapse.self-93820e9b486e375a7fb4477602def3a6f8381fa6d50938d5378297ffbe4a1248.js?body=1" for ::1 at 2015-09-12 22:15:50 -0700


Started GET "/assets/bootstrap/dropdown.self-30536ae4d54b2685c26b5787ed0eb549a9075717fe690cce6270873bedf2df00.js?body=1" for ::1 at 2015-09-12 22:15:50 -0700


Started GET "/assets/bootstrap/tab.self-9b77df34cbbb08ec93a806d6cdb741f04e3dbf3389978a0679146f2d2987bc89.js?body=1" for ::1 at 2015-09-12 22:15:50 -0700


Started GET "/assets/bootstrap/transition.self-9616c4e856b57659b67da3c6f2adcd584b5601ef4bebcdadab8ebb387d80bb25.js?body=1" for ::1 at 2015-09-12 22:15:50 -0700


Started GET "/assets/bootstrap/scrollspy.self-c5c6ed008955656d345067e9821d79f1216b8383134d08465d4aa1a33a2b93b4.js?body=1" for ::1 at 2015-09-12 22:15:50 -0700


Started GET "/assets/bootstrap/modal.self-bcfe54f3132bf16a8c5ce4289e47eba488f6522a08f49f378a037061c6c7aa4c.js?body=1" for ::1 at 2015-09-12 22:15:50 -0700


Started GET "/assets/bootstrap/tooltip.self-3aa41fbe871573b34e0ebddf31598cd5a11a9841ca85f90934ea46326e46626d.js?body=1" for ::1 at 2015-09-12 22:15:50 -0700


Started GET "/assets/bootstrap/popover.self-b73e9c9111d01148e24bbc46e096782e024dc5db630e7078cf11ed2587ef8551.js?body=1" for ::1 at 2015-09-12 22:15:50 -0700


Started GET "/assets/bootstrap-sprockets.self-fbfa5ad7d9aa0afe439ec4ff3883acc4cb92b62cb67c40d674320c9aa1d4642d.js?body=1" for ::1 at 2015-09-12 22:15:50 -0700


Started GET "/assets/application.self-f8806224e027f3e3f0138ea9ce99319e298dfdb323304d1f1be6eae8e8c74724.js?body=1" for ::1 at 2015-09-12 22:15:50 -0700


Started GET "/" for ::1 at 2015-09-12 22:16:32 -0700
Processing by StaticPagesController#home as HTML
  Rendered static_pages/home.html.haml within layouts/application (3.3ms)
Completed 500  in 7ms (ActiveRecord: 0.0ms)

Haml::SyntaxError - Illegal nesting: nesting within a self-closing tag is illegal.:
  app/views/static_pages/home.html.haml:2:in `'
  haml (4.0.7) lib/haml/parser.rb:388:in `tag'
  haml (4.0.7) lib/haml/parser.rb:411:in `div'
  haml (4.0.7) lib/haml/parser.rb:209:in `process_line'
  haml (4.0.7) lib/haml/parser.rb:121:in `parse'
  haml (4.0.7) lib/haml/engine.rb:66:in `initialize'
  haml (4.0.7) lib/haml/template/plugin.rb:25:in `compile'
  haml (4.0.7) lib/haml/template/plugin.rb:30:in `call'
  actionview (4.2.1) lib/action_view/template.rb:270:in `compile'
  actionview (4.2.1) lib/action_view/template.rb:245:in `block (2 levels) in compile!'
  activesupport (4.2.1) lib/active_support/notifications.rb:166:in `instrument'
  actionview (4.2.1) lib/action_view/template.rb:333:in `instrument'
  actionview (4.2.1) lib/action_view/template.rb:244:in `block in compile!'
  actionview (4.2.1) lib/action_view/template.rb:232:in `compile!'
  actionview (4.2.1) lib/action_view/template.rb:144:in `block in render'
  activesupport (4.2.1) lib/active_support/notifications.rb:166:in `instrument'
  actionview (4.2.1) lib/action_view/template.rb:333:in `instrument'
  actionview (4.2.1) lib/action_view/template.rb:143:in `render'
  actionview (4.2.1) lib/action_view/renderer/template_renderer.rb:54:in `block (2 levels) in render_template'
  actionview (4.2.1) lib/action_view/renderer/abstract_renderer.rb:39:in `block in instrument'
  activesupport (4.2.1) lib/active_support/notifications.rb:164:in `block in instrument'
  activesupport (4.2.1) lib/active_support/notifications/instrumenter.rb:20:in `instrument'
  activesupport (4.2.1) lib/active_support/notifications.rb:164:in `instrument'
  actionview (4.2.1) lib/action_view/renderer/abstract_renderer.rb:39:in `instrument'
  actionview (4.2.1) lib/action_view/renderer/template_renderer.rb:53:in `block in render_template'
  actionview (4.2.1) lib/action_view/renderer/template_renderer.rb:61:in `render_with_layout'
  actionview (4.2.1) lib/action_view/renderer/template_renderer.rb:52:in `render_template'
  actionview (4.2.1) lib/action_view/renderer/template_renderer.rb:14:in `render'
  actionview (4.2.1) lib/action_view/renderer/renderer.rb:42:in `render_template'
  actionview (4.2.1) lib/action_view/renderer/renderer.rb:23:in `render'
  actionview (4.2.1) lib/action_view/rendering.rb:100:in `_render_template'
  actionpack (4.2.1) lib/action_controller/metal/streaming.rb:217:in `_render_template'
  actionview (4.2.1) lib/action_view/rendering.rb:83:in `render_to_body'
  actionpack (4.2.1) lib/action_controller/metal/rendering.rb:32:in `render_to_body'
  actionpack (4.2.1) lib/action_controller/metal/renderers.rb:37:in `render_to_body'
  actionpack (4.2.1) lib/abstract_controller/rendering.rb:25:in `render'
  actionpack (4.2.1) lib/action_controller/metal/rendering.rb:16:in `render'
  actionpack (4.2.1) lib/action_controller/metal/instrumentation.rb:44:in `block (2 levels) in render'
  activesupport (4.2.1) lib/active_support/core_ext/benchmark.rb:12:in `block in ms'
  /Users/bjones/.rvm/rubies/ruby-2.2.0/lib/ruby/2.2.0/benchmark.rb:303:in `realtime'
  activesupport (4.2.1) lib/active_support/core_ext/benchmark.rb:12:in `ms'
  actionpack (4.2.1) lib/action_controller/metal/instrumentation.rb:44:in `block in render'
  actionpack (4.2.1) lib/action_controller/metal/instrumentation.rb:87:in `cleanup_view_runtime'
  activerecord (4.2.1) lib/active_record/railties/controller_runtime.rb:25:in `cleanup_view_runtime'
  actionpack (4.2.1) lib/action_controller/metal/instrumentation.rb:43:in `render'
  actionpack (4.2.1) lib/action_controller/metal/implicit_render.rb:10:in `default_render'
  actionpack (4.2.1) lib/action_controller/metal/implicit_render.rb:5:in `send_action'
  actionpack (4.2.1) lib/abstract_controller/base.rb:198:in `process_action'
  actionpack (4.2.1) lib/action_controller/metal/rendering.rb:10:in `process_action'
  actionpack (4.2.1) lib/abstract_controller/callbacks.rb:20:in `block in process_action'
  activesupport (4.2.1) lib/active_support/callbacks.rb:117:in `call'
  activesupport (4.2.1) lib/active_support/callbacks.rb:555:in `block (2 levels) in compile'
  activesupport (4.2.1) lib/active_support/callbacks.rb:505:in `call'
  activesupport (4.2.1) lib/active_support/callbacks.rb:92:in `_run_callbacks'
  activesupport (4.2.1) lib/active_support/callbacks.rb:776:in `_run_process_action_callbacks'
  activesupport (4.2.1) lib/active_support/callbacks.rb:81:in `run_callbacks'
  actionpack (4.2.1) lib/abstract_controller/callbacks.rb:19:in `process_action'
  actionpack (4.2.1) lib/action_controller/metal/rescue.rb:29:in `process_action'
  actionpack (4.2.1) lib/action_controller/metal/instrumentation.rb:32:in `block in process_action'
  activesupport (4.2.1) lib/active_support/notifications.rb:164:in `block in instrument'
  activesupport (4.2.1) lib/active_support/notifications/instrumenter.rb:20:in `instrument'
  activesupport (4.2.1) lib/active_support/notifications.rb:164:in `instrument'
  actionpack (4.2.1) lib/action_controller/metal/instrumentation.rb:30:in `process_action'
  actionpack (4.2.1) lib/action_controller/metal/params_wrapper.rb:250:in `process_action'
  activerecord (4.2.1) lib/active_record/railties/controller_runtime.rb:18:in `process_action'
  actionpack (4.2.1) lib/abstract_controller/base.rb:137:in `process'
  actionview (4.2.1) lib/action_view/rendering.rb:30:in `process'
  actionpack (4.2.1) lib/action_controller/metal.rb:196:in `dispatch'
  actionpack (4.2.1) lib/action_controller/metal/rack_delegation.rb:13:in `dispatch'
  actionpack (4.2.1) lib/action_controller/metal.rb:237:in `block in action'
  actionpack (4.2.1) lib/action_dispatch/routing/route_set.rb:74:in `dispatch'
  actionpack (4.2.1) lib/action_dispatch/routing/route_set.rb:43:in `serve'
  actionpack (4.2.1) lib/action_dispatch/journey/router.rb:43:in `block in serve'
  actionpack (4.2.1) lib/action_dispatch/journey/router.rb:30:in `serve'
  actionpack (4.2.1) lib/action_dispatch/routing/route_set.rb:819:in `call'
  meta_request (0.3.4) lib/meta_request/middlewares/app_request_handler.rb:13:in `call'
  meta_request (0.3.4) lib/meta_request/middlewares/meta_request_handler.rb:13:in `call'
  rack (1.6.4) lib/rack/etag.rb:24:in `call'
  rack (1.6.4) lib/rack/conditionalget.rb:25:in `call'
  rack (1.6.4) lib/rack/head.rb:13:in `call'
  actionpack (4.2.1) lib/action_dispatch/middleware/params_parser.rb:27:in `call'
  actionpack (4.2.1) lib/action_dispatch/middleware/flash.rb:260:in `call'
  rack (1.6.4) lib/rack/session/abstract/id.rb:225:in `context'
  rack (1.6.4) lib/rack/session/abstract/id.rb:220:in `call'
  actionpack (4.2.1) lib/action_dispatch/middleware/cookies.rb:560:in `call'
  activerecord (4.2.1) lib/active_record/query_cache.rb:36:in `call'
  activerecord (4.2.1) lib/active_record/connection_adapters/abstract/connection_pool.rb:649:in `call'
  activerecord (4.2.1) lib/active_record/migration.rb:378:in `call'
  actionpack (4.2.1) lib/action_dispatch/middleware/callbacks.rb:29:in `block in call'
  activesupport (4.2.1) lib/active_support/callbacks.rb:88:in `_run_callbacks'
  activesupport (4.2.1) lib/active_support/callbacks.rb:776:in `_run_call_callbacks'
  activesupport (4.2.1) lib/active_support/callbacks.rb:81:in `run_callbacks'
  actionpack (4.2.1) lib/action_dispatch/middleware/callbacks.rb:27:in `call'
  actionpack (4.2.1) lib/action_dispatch/middleware/reloader.rb:73:in `call'
  actionpack (4.2.1) lib/action_dispatch/middleware/remote_ip.rb:78:in `call'
  rack-contrib (1.4.0) lib/rack/contrib/response_headers.rb:17:in `call'
  meta_request (0.3.4) lib/meta_request/middlewares/headers.rb:16:in `call'
  better_errors (2.1.1) lib/better_errors/middleware.rb:84:in `protected_app_call'
  better_errors (2.1.1) lib/better_errors/middleware.rb:79:in `better_errors_call'
  better_errors (2.1.1) lib/better_errors/middleware.rb:57:in `call'
  actionpack (4.2.1) lib/action_dispatch/middleware/debug_exceptions.rb:17:in `call'
  actionpack (4.2.1) lib/action_dispatch/middleware/show_exceptions.rb:30:in `call'
  railties (4.2.1) lib/rails/rack/logger.rb:38:in `call_app'
  railties (4.2.1) lib/rails/rack/logger.rb:20:in `block in call'
  activesupport (4.2.1) lib/active_support/tagged_logging.rb:68:in `block in tagged'
  activesupport (4.2.1) lib/active_support/tagged_logging.rb:26:in `tagged'
  activesupport (4.2.1) lib/active_support/tagged_logging.rb:68:in `tagged'
  railties (4.2.1) lib/rails/rack/logger.rb:20:in `call'
  actionpack (4.2.1) lib/action_dispatch/middleware/request_id.rb:21:in `call'
  rack (1.6.4) lib/rack/methodoverride.rb:22:in `call'
  rack (1.6.4) lib/rack/runtime.rb:18:in `call'
  activesupport (4.2.1) lib/active_support/cache/strategy/local_cache_middleware.rb:28:in `call'
  rack (1.6.4) lib/rack/lock.rb:17:in `call'
  actionpack (4.2.1) lib/action_dispatch/middleware/static.rb:113:in `call'
  rack (1.6.4) lib/rack/sendfile.rb:113:in `call'
  railties (4.2.1) lib/rails/engine.rb:518:in `call'
  railties (4.2.1) lib/rails/application.rb:164:in `call'
  rack (1.6.4) lib/rack/lock.rb:17:in `call'
  rack (1.6.4) lib/rack/content_length.rb:15:in `call'
  rack (1.6.4) lib/rack/handler/webrick.rb:88:in `service'
  /Users/bjones/.rvm/rubies/ruby-2.2.0/lib/ruby/2.2.0/webrick/httpserver.rb:138:in `service'
  /Users/bjones/.rvm/rubies/ruby-2.2.0/lib/ruby/2.2.0/webrick/httpserver.rb:94:in `run'
  /Users/bjones/.rvm/rubies/ruby-2.2.0/lib/ruby/2.2.0/webrick/server.rb:294:in `block in start_thread'



Started POST "/__better_errors/07162aae98b7486f/variables" for ::1 at 2015-09-12 22:16:32 -0700


Started GET "/" for ::1 at 2015-09-12 22:16:37 -0700
Processing by StaticPagesController#home as HTML
  Rendered static_pages/home.html.haml within layouts/application (1.5ms)
Completed 200 OK in 53ms (Views: 53.2ms | ActiveRecord: 0.0ms)


Started GET "/assets/application.self-1f139ec8fc653ad70e6ef9ff20fe1560b339699050a057691af7823e4f84b8fe.css?body=1" for ::1 at 2015-09-12 22:16:37 -0700


Started GET "/assets/jquery.self-a714331225dda820228db323939889f149aec0127aeb06255646b616ba1ca419.js?body=1" for ::1 at 2015-09-12 22:16:37 -0700


Started GET "/assets/bootstrap/carousel.self-b2e5e14483e6c31343a83861b7d487620f143d6fc2d07d5ae7544b6b225ba6be.js?body=1" for ::1 at 2015-09-12 22:16:37 -0700


Started GET "/assets/jquery_ujs.self-d456baa54c1fa6be2ec3711f0a72ddf7a5b2f34a6b4f515f33767d6207b7d4b3.js?body=1" for ::1 at 2015-09-12 22:16:37 -0700


Started GET "/assets/bootstrap/collapse.self-93820e9b486e375a7fb4477602def3a6f8381fa6d50938d5378297ffbe4a1248.js?body=1" for ::1 at 2015-09-12 22:16:37 -0700


Started GET "/assets/bootstrap/alert.self-896ab026e6823f5cef2441e07dac53d0692a5b772ac58b1ce20aa624c342d3f4.js?body=1" for ::1 at 2015-09-12 22:16:37 -0700


Started GET "/assets/bootstrap/button.self-d19f3e2bcd3a7a4d75c11b9141b3fabd2c11987da1e99c85548ec3ecf8db30c3.js?body=1" for ::1 at 2015-09-12 22:16:37 -0700


Started GET "/assets/bootstrap/affix.self-f7aef9d98ee5ece34a6a92a6a15bba777d93e8d908b75c95a85088277f394200.js?body=1" for ::1 at 2015-09-12 22:16:37 -0700


Started GET "/assets/bootstrap/dropdown.self-30536ae4d54b2685c26b5787ed0eb549a9075717fe690cce6270873bedf2df00.js?body=1" for ::1 at 2015-09-12 22:16:37 -0700


Started GET "/assets/bootstrap/tab.self-9b77df34cbbb08ec93a806d6cdb741f04e3dbf3389978a0679146f2d2987bc89.js?body=1" for ::1 at 2015-09-12 22:16:37 -0700


Started GET "/assets/bootstrap/transition.self-9616c4e856b57659b67da3c6f2adcd584b5601ef4bebcdadab8ebb387d80bb25.js?body=1" for ::1 at 2015-09-12 22:16:37 -0700


Started GET "/assets/bootstrap/modal.self-bcfe54f3132bf16a8c5ce4289e47eba488f6522a08f49f378a037061c6c7aa4c.js?body=1" for ::1 at 2015-09-12 22:16:37 -0700


Started GET "/assets/bootstrap/scrollspy.self-c5c6ed008955656d345067e9821d79f1216b8383134d08465d4aa1a33a2b93b4.js?body=1" for ::1 at 2015-09-12 22:16:37 -0700


Started GET "/assets/bootstrap/tooltip.self-3aa41fbe871573b34e0ebddf31598cd5a11a9841ca85f90934ea46326e46626d.js?body=1" for ::1 at 2015-09-12 22:16:37 -0700


Started GET "/assets/bootstrap/popover.self-b73e9c9111d01148e24bbc46e096782e024dc5db630e7078cf11ed2587ef8551.js?body=1" for ::1 at 2015-09-12 22:16:37 -0700


Started GET "/assets/bootstrap-sprockets.self-fbfa5ad7d9aa0afe439ec4ff3883acc4cb92b62cb67c40d674320c9aa1d4642d.js?body=1" for ::1 at 2015-09-12 22:16:37 -0700


Started GET "/assets/application.self-f8806224e027f3e3f0138ea9ce99319e298dfdb323304d1f1be6eae8e8c74724.js?body=1" for ::1 at 2015-09-12 22:16:37 -0700


Started GET "/assets/bootstrap/carousel.self-b2e5e14483e6c31343a83861b7d487620f143d6fc2d07d5ae7544b6b225ba6be.js?body=1" for ::1 at 2015-09-12 22:16:37 -0700


Started GET "/" for ::1 at 2015-09-12 22:24:07 -0700
Processing by StaticPagesController#home as HTML
  Rendered static_pages/home.html.haml within layouts/application (0.1ms)
Completed 200 OK in 130ms (Views: 129.9ms | ActiveRecord: 0.0ms)


Started GET "/assets/application.self-17b037e8be7f5ce7a087a0cde3fcf60cf1c31edee814e397e607fb274644c99b.css?body=1" for ::1 at 2015-09-12 22:24:07 -0700


Started GET "/assets/jquery.self-a714331225dda820228db323939889f149aec0127aeb06255646b616ba1ca419.js?body=1" for ::1 at 2015-09-12 22:24:07 -0700


Started GET "/assets/jquery_ujs.self-d456baa54c1fa6be2ec3711f0a72ddf7a5b2f34a6b4f515f33767d6207b7d4b3.js?body=1" for ::1 at 2015-09-12 22:24:07 -0700


Started GET "/assets/bootstrap/affix.self-f7aef9d98ee5ece34a6a92a6a15bba777d93e8d908b75c95a85088277f394200.js?body=1" for ::1 at 2015-09-12 22:24:07 -0700


Started GET "/assets/bootstrap/alert.self-896ab026e6823f5cef2441e07dac53d0692a5b772ac58b1ce20aa624c342d3f4.js?body=1" for ::1 at 2015-09-12 22:24:07 -0700


Started GET "/assets/bootstrap/carousel.self-b2e5e14483e6c31343a83861b7d487620f143d6fc2d07d5ae7544b6b225ba6be.js?body=1" for ::1 at 2015-09-12 22:24:07 -0700


Started GET "/assets/bootstrap/button.self-d19f3e2bcd3a7a4d75c11b9141b3fabd2c11987da1e99c85548ec3ecf8db30c3.js?body=1" for ::1 at 2015-09-12 22:24:07 -0700


Started GET "/assets/bootstrap/collapse.self-93820e9b486e375a7fb4477602def3a6f8381fa6d50938d5378297ffbe4a1248.js?body=1" for ::1 at 2015-09-12 22:24:07 -0700


Started GET "/assets/bootstrap/dropdown.self-30536ae4d54b2685c26b5787ed0eb549a9075717fe690cce6270873bedf2df00.js?body=1" for ::1 at 2015-09-12 22:24:07 -0700


Started GET "/assets/bootstrap/tab.self-9b77df34cbbb08ec93a806d6cdb741f04e3dbf3389978a0679146f2d2987bc89.js?body=1" for ::1 at 2015-09-12 22:24:07 -0700


Started GET "/assets/bootstrap/transition.self-9616c4e856b57659b67da3c6f2adcd584b5601ef4bebcdadab8ebb387d80bb25.js?body=1" for ::1 at 2015-09-12 22:24:07 -0700


Started GET "/assets/bootstrap/scrollspy.self-c5c6ed008955656d345067e9821d79f1216b8383134d08465d4aa1a33a2b93b4.js?body=1" for ::1 at 2015-09-12 22:24:07 -0700


Started GET "/assets/bootstrap/modal.self-bcfe54f3132bf16a8c5ce4289e47eba488f6522a08f49f378a037061c6c7aa4c.js?body=1" for ::1 at 2015-09-12 22:24:07 -0700


Started GET "/assets/bootstrap/tooltip.self-3aa41fbe871573b34e0ebddf31598cd5a11a9841ca85f90934ea46326e46626d.js?body=1" for ::1 at 2015-09-12 22:24:07 -0700


Started GET "/assets/bootstrap/popover.self-b73e9c9111d01148e24bbc46e096782e024dc5db630e7078cf11ed2587ef8551.js?body=1" for ::1 at 2015-09-12 22:24:07 -0700


Started GET "/assets/bootstrap-sprockets.self-fbfa5ad7d9aa0afe439ec4ff3883acc4cb92b62cb67c40d674320c9aa1d4642d.js?body=1" for ::1 at 2015-09-12 22:24:07 -0700


Started GET "/assets/application.self-f8806224e027f3e3f0138ea9ce99319e298dfdb323304d1f1be6eae8e8c74724.js?body=1" for ::1 at 2015-09-12 22:24:07 -0700


Started GET "/assets/jquery_ujs.self-d456baa54c1fa6be2ec3711f0a72ddf7a5b2f34a6b4f515f33767d6207b7d4b3.js?body=1" for ::1 at 2015-09-12 22:24:07 -0700


Started GET "/assets/bootstrap/affix.self-f7aef9d98ee5ece34a6a92a6a15bba777d93e8d908b75c95a85088277f394200.js?body=1" for ::1 at 2015-09-12 22:24:07 -0700


Started GET "/assets/bootstrap/alert.self-896ab026e6823f5cef2441e07dac53d0692a5b772ac58b1ce20aa624c342d3f4.js?body=1" for ::1 at 2015-09-12 22:24:07 -0700


Started GET "/assets/bootstrap/button.self-d19f3e2bcd3a7a4d75c11b9141b3fabd2c11987da1e99c85548ec3ecf8db30c3.js?body=1" for ::1 at 2015-09-12 22:24:07 -0700


Started GET "/assets/bootstrap/carousel.self-b2e5e14483e6c31343a83861b7d487620f143d6fc2d07d5ae7544b6b225ba6be.js?body=1" for ::1 at 2015-09-12 22:24:07 -0700


Started GET "/assets/bootstrap/collapse.self-93820e9b486e375a7fb4477602def3a6f8381fa6d50938d5378297ffbe4a1248.js?body=1" for ::1 at 2015-09-12 22:24:07 -0700


Started GET "/assets/bootstrap/dropdown.self-30536ae4d54b2685c26b5787ed0eb549a9075717fe690cce6270873bedf2df00.js?body=1" for ::1 at 2015-09-12 22:24:07 -0700


Started GET "/assets/bootstrap/tab.self-9b77df34cbbb08ec93a806d6cdb741f04e3dbf3389978a0679146f2d2987bc89.js?body=1" for ::1 at 2015-09-12 22:24:07 -0700


Started GET "/assets/bootstrap/transition.self-9616c4e856b57659b67da3c6f2adcd584b5601ef4bebcdadab8ebb387d80bb25.js?body=1" for ::1 at 2015-09-12 22:24:07 -0700


Started GET "/assets/bootstrap/scrollspy.self-c5c6ed008955656d345067e9821d79f1216b8383134d08465d4aa1a33a2b93b4.js?body=1" for ::1 at 2015-09-12 22:24:07 -0700


Started GET "/assets/bootstrap/modal.self-bcfe54f3132bf16a8c5ce4289e47eba488f6522a08f49f378a037061c6c7aa4c.js?body=1" for ::1 at 2015-09-12 22:24:07 -0700


Started GET "/assets/bootstrap/tooltip.self-3aa41fbe871573b34e0ebddf31598cd5a11a9841ca85f90934ea46326e46626d.js?body=1" for ::1 at 2015-09-12 22:24:07 -0700


Started GET "/assets/bootstrap/popover.self-b73e9c9111d01148e24bbc46e096782e024dc5db630e7078cf11ed2587ef8551.js?body=1" for ::1 at 2015-09-12 22:24:07 -0700


Started GET "/assets/bootstrap-sprockets.self-fbfa5ad7d9aa0afe439ec4ff3883acc4cb92b62cb67c40d674320c9aa1d4642d.js?body=1" for ::1 at 2015-09-12 22:24:07 -0700


Started GET "/assets/application.self-f8806224e027f3e3f0138ea9ce99319e298dfdb323304d1f1be6eae8e8c74724.js?body=1" for ::1 at 2015-09-12 22:24:07 -0700


Started GET "/" for ::1 at 2015-09-12 22:24:08 -0700
Processing by StaticPagesController#home as HTML
  Rendered static_pages/home.html.haml within layouts/application (0.1ms)
Completed 200 OK in 52ms (Views: 52.0ms | ActiveRecord: 0.0ms)


Started GET "/assets/application.self-17b037e8be7f5ce7a087a0cde3fcf60cf1c31edee814e397e607fb274644c99b.css?body=1" for ::1 at 2015-09-12 22:24:08 -0700


Started GET "/assets/bootstrap/affix.self-f7aef9d98ee5ece34a6a92a6a15bba777d93e8d908b75c95a85088277f394200.js?body=1" for ::1 at 2015-09-12 22:24:08 -0700


Started GET "/assets/jquery_ujs.self-d456baa54c1fa6be2ec3711f0a72ddf7a5b2f34a6b4f515f33767d6207b7d4b3.js?body=1" for ::1 at 2015-09-12 22:24:08 -0700


Started GET "/assets/bootstrap/button.self-d19f3e2bcd3a7a4d75c11b9141b3fabd2c11987da1e99c85548ec3ecf8db30c3.js?body=1" for ::1 at 2015-09-12 22:24:08 -0700


Started GET "/assets/jquery.self-a714331225dda820228db323939889f149aec0127aeb06255646b616ba1ca419.js?body=1" for ::1 at 2015-09-12 22:24:08 -0700


Started GET "/assets/bootstrap/alert.self-896ab026e6823f5cef2441e07dac53d0692a5b772ac58b1ce20aa624c342d3f4.js?body=1" for ::1 at 2015-09-12 22:24:08 -0700


Started GET "/assets/bootstrap/carousel.self-b2e5e14483e6c31343a83861b7d487620f143d6fc2d07d5ae7544b6b225ba6be.js?body=1" for ::1 at 2015-09-12 22:24:08 -0700


Started GET "/assets/bootstrap/collapse.self-93820e9b486e375a7fb4477602def3a6f8381fa6d50938d5378297ffbe4a1248.js?body=1" for ::1 at 2015-09-12 22:24:08 -0700


Started GET "/assets/bootstrap/dropdown.self-30536ae4d54b2685c26b5787ed0eb549a9075717fe690cce6270873bedf2df00.js?body=1" for ::1 at 2015-09-12 22:24:08 -0700


Started GET "/assets/bootstrap/tab.self-9b77df34cbbb08ec93a806d6cdb741f04e3dbf3389978a0679146f2d2987bc89.js?body=1" for ::1 at 2015-09-12 22:24:08 -0700


Started GET "/assets/bootstrap/transition.self-9616c4e856b57659b67da3c6f2adcd584b5601ef4bebcdadab8ebb387d80bb25.js?body=1" for ::1 at 2015-09-12 22:24:08 -0700


Started GET "/assets/bootstrap/scrollspy.self-c5c6ed008955656d345067e9821d79f1216b8383134d08465d4aa1a33a2b93b4.js?body=1" for ::1 at 2015-09-12 22:24:08 -0700


Started GET "/assets/bootstrap/modal.self-bcfe54f3132bf16a8c5ce4289e47eba488f6522a08f49f378a037061c6c7aa4c.js?body=1" for ::1 at 2015-09-12 22:24:08 -0700


Started GET "/assets/bootstrap/tooltip.self-3aa41fbe871573b34e0ebddf31598cd5a11a9841ca85f90934ea46326e46626d.js?body=1" for ::1 at 2015-09-12 22:24:08 -0700


Started GET "/assets/bootstrap/popover.self-b73e9c9111d01148e24bbc46e096782e024dc5db630e7078cf11ed2587ef8551.js?body=1" for ::1 at 2015-09-12 22:24:08 -0700


Started GET "/assets/bootstrap-sprockets.self-fbfa5ad7d9aa0afe439ec4ff3883acc4cb92b62cb67c40d674320c9aa1d4642d.js?body=1" for ::1 at 2015-09-12 22:24:08 -0700


Started GET "/assets/application.self-f8806224e027f3e3f0138ea9ce99319e298dfdb323304d1f1be6eae8e8c74724.js?body=1" for ::1 at 2015-09-12 22:24:08 -0700


Started GET "/assets/bootstrap/affix.self-f7aef9d98ee5ece34a6a92a6a15bba777d93e8d908b75c95a85088277f394200.js?body=1" for ::1 at 2015-09-12 22:24:08 -0700


Started GET "/assets/bootstrap/button.self-d19f3e2bcd3a7a4d75c11b9141b3fabd2c11987da1e99c85548ec3ecf8db30c3.js?body=1" for ::1 at 2015-09-12 22:24:08 -0700


Started GET "/" for ::1 at 2015-09-12 22:24:50 -0700
Processing by StaticPagesController#home as HTML
  Rendered static_pages/home.html.haml within layouts/application (0.1ms)
Completed 200 OK in 67ms (Views: 66.9ms | ActiveRecord: 0.0ms)


Started GET "/assets/application.self-01732d43259bda041f4afa157726499b36fd10defecbf61ef7d1f14a1b3aafd1.css?body=1" for ::1 at 2015-09-12 22:24:50 -0700


Started GET "/assets/jquery.self-a714331225dda820228db323939889f149aec0127aeb06255646b616ba1ca419.js?body=1" for ::1 at 2015-09-12 22:24:50 -0700


Started GET "/assets/jquery_ujs.self-d456baa54c1fa6be2ec3711f0a72ddf7a5b2f34a6b4f515f33767d6207b7d4b3.js?body=1" for ::1 at 2015-09-12 22:24:50 -0700


Started GET "/assets/bootstrap/affix.self-f7aef9d98ee5ece34a6a92a6a15bba777d93e8d908b75c95a85088277f394200.js?body=1" for ::1 at 2015-09-12 22:24:50 -0700


Started GET "/assets/bootstrap/alert.self-896ab026e6823f5cef2441e07dac53d0692a5b772ac58b1ce20aa624c342d3f4.js?body=1" for ::1 at 2015-09-12 22:24:50 -0700


Started GET "/assets/bootstrap/button.self-d19f3e2bcd3a7a4d75c11b9141b3fabd2c11987da1e99c85548ec3ecf8db30c3.js?body=1" for ::1 at 2015-09-12 22:24:50 -0700


Started GET "/assets/bootstrap/carousel.self-b2e5e14483e6c31343a83861b7d487620f143d6fc2d07d5ae7544b6b225ba6be.js?body=1" for ::1 at 2015-09-12 22:24:50 -0700


Started GET "/assets/bootstrap/collapse.self-93820e9b486e375a7fb4477602def3a6f8381fa6d50938d5378297ffbe4a1248.js?body=1" for ::1 at 2015-09-12 22:24:50 -0700


Started GET "/assets/bootstrap/dropdown.self-30536ae4d54b2685c26b5787ed0eb549a9075717fe690cce6270873bedf2df00.js?body=1" for ::1 at 2015-09-12 22:24:50 -0700


Started GET "/assets/bootstrap/tab.self-9b77df34cbbb08ec93a806d6cdb741f04e3dbf3389978a0679146f2d2987bc89.js?body=1" for ::1 at 2015-09-12 22:24:50 -0700


Started GET "/assets/bootstrap/transition.self-9616c4e856b57659b67da3c6f2adcd584b5601ef4bebcdadab8ebb387d80bb25.js?body=1" for ::1 at 2015-09-12 22:24:50 -0700


Started GET "/assets/bootstrap/scrollspy.self-c5c6ed008955656d345067e9821d79f1216b8383134d08465d4aa1a33a2b93b4.js?body=1" for ::1 at 2015-09-12 22:24:50 -0700


Started GET "/assets/bootstrap/modal.self-bcfe54f3132bf16a8c5ce4289e47eba488f6522a08f49f378a037061c6c7aa4c.js?body=1" for ::1 at 2015-09-12 22:24:50 -0700


Started GET "/assets/bootstrap/tooltip.self-3aa41fbe871573b34e0ebddf31598cd5a11a9841ca85f90934ea46326e46626d.js?body=1" for ::1 at 2015-09-12 22:24:50 -0700


Started GET "/assets/bootstrap/popover.self-b73e9c9111d01148e24bbc46e096782e024dc5db630e7078cf11ed2587ef8551.js?body=1" for ::1 at 2015-09-12 22:24:50 -0700


Started GET "/assets/bootstrap-sprockets.self-fbfa5ad7d9aa0afe439ec4ff3883acc4cb92b62cb67c40d674320c9aa1d4642d.js?body=1" for ::1 at 2015-09-12 22:24:50 -0700


Started GET "/assets/application.self-f8806224e027f3e3f0138ea9ce99319e298dfdb323304d1f1be6eae8e8c74724.js?body=1" for ::1 at 2015-09-12 22:24:50 -0700


Started GET "/" for ::1 at 2015-09-12 22:25:23 -0700
Processing by StaticPagesController#home as HTML
  Rendered static_pages/home.html.haml within layouts/application (0.1ms)
Completed 200 OK in 81ms (Views: 80.3ms | ActiveRecord: 0.0ms)


Started GET "/assets/application.self-c4d3e4046b52f3a8eaa9cfa34f86100bfa545d70210fbe20f04533dcf3bf9233.css?body=1" for ::1 at 2015-09-12 22:25:23 -0700


Started GET "/assets/jquery.self-a714331225dda820228db323939889f149aec0127aeb06255646b616ba1ca419.js?body=1" for ::1 at 2015-09-12 22:25:23 -0700


Started GET "/assets/jquery_ujs.self-d456baa54c1fa6be2ec3711f0a72ddf7a5b2f34a6b4f515f33767d6207b7d4b3.js?body=1" for ::1 at 2015-09-12 22:25:23 -0700


Started GET "/assets/bootstrap/carousel.self-b2e5e14483e6c31343a83861b7d487620f143d6fc2d07d5ae7544b6b225ba6be.js?body=1" for ::1 at 2015-09-12 22:25:23 -0700


Started GET "/assets/bootstrap/collapse.self-93820e9b486e375a7fb4477602def3a6f8381fa6d50938d5378297ffbe4a1248.js?body=1" for ::1 at 2015-09-12 22:25:23 -0700


Started GET "/assets/bootstrap/affix.self-f7aef9d98ee5ece34a6a92a6a15bba777d93e8d908b75c95a85088277f394200.js?body=1" for ::1 at 2015-09-12 22:25:23 -0700


Started GET "/assets/bootstrap/dropdown.self-30536ae4d54b2685c26b5787ed0eb549a9075717fe690cce6270873bedf2df00.js?body=1" for ::1 at 2015-09-12 22:25:23 -0700


Started GET "/assets/bootstrap/tab.self-9b77df34cbbb08ec93a806d6cdb741f04e3dbf3389978a0679146f2d2987bc89.js?body=1" for ::1 at 2015-09-12 22:25:23 -0700


Started GET "/assets/bootstrap/alert.self-896ab026e6823f5cef2441e07dac53d0692a5b772ac58b1ce20aa624c342d3f4.js?body=1" for ::1 at 2015-09-12 22:25:23 -0700


Started GET "/assets/bootstrap/button.self-d19f3e2bcd3a7a4d75c11b9141b3fabd2c11987da1e99c85548ec3ecf8db30c3.js?body=1" for ::1 at 2015-09-12 22:25:23 -0700


Started GET "/assets/bootstrap/scrollspy.self-c5c6ed008955656d345067e9821d79f1216b8383134d08465d4aa1a33a2b93b4.js?body=1" for ::1 at 2015-09-12 22:25:23 -0700


Started GET "/assets/bootstrap/transition.self-9616c4e856b57659b67da3c6f2adcd584b5601ef4bebcdadab8ebb387d80bb25.js?body=1" for ::1 at 2015-09-12 22:25:23 -0700


Started GET "/assets/bootstrap/modal.self-bcfe54f3132bf16a8c5ce4289e47eba488f6522a08f49f378a037061c6c7aa4c.js?body=1" for ::1 at 2015-09-12 22:25:23 -0700


Started GET "/assets/bootstrap/tooltip.self-3aa41fbe871573b34e0ebddf31598cd5a11a9841ca85f90934ea46326e46626d.js?body=1" for ::1 at 2015-09-12 22:25:23 -0700


Started GET "/assets/bootstrap/popover.self-b73e9c9111d01148e24bbc46e096782e024dc5db630e7078cf11ed2587ef8551.js?body=1" for ::1 at 2015-09-12 22:25:23 -0700


Started GET "/assets/application.self-f8806224e027f3e3f0138ea9ce99319e298dfdb323304d1f1be6eae8e8c74724.js?body=1" for ::1 at 2015-09-12 22:25:23 -0700


Started GET "/assets/bootstrap-sprockets.self-fbfa5ad7d9aa0afe439ec4ff3883acc4cb92b62cb67c40d674320c9aa1d4642d.js?body=1" for ::1 at 2015-09-12 22:25:23 -0700


Started GET "/assets/jquery_ujs.self-d456baa54c1fa6be2ec3711f0a72ddf7a5b2f34a6b4f515f33767d6207b7d4b3.js?body=1" for ::1 at 2015-09-12 22:25:23 -0700


Started GET "/assets/bootstrap/carousel.self-b2e5e14483e6c31343a83861b7d487620f143d6fc2d07d5ae7544b6b225ba6be.js?body=1" for ::1 at 2015-09-12 22:25:23 -0700


Started GET "/assets/bootstrap/tooltip.self-3aa41fbe871573b34e0ebddf31598cd5a11a9841ca85f90934ea46326e46626d.js?body=1" for ::1 at 2015-09-12 22:25:23 -0700


Started GET "/assets/bootstrap/popover.self-b73e9c9111d01148e24bbc46e096782e024dc5db630e7078cf11ed2587ef8551.js?body=1" for ::1 at 2015-09-12 22:25:23 -0700


Started GET "/assets/bootstrap-sprockets.self-fbfa5ad7d9aa0afe439ec4ff3883acc4cb92b62cb67c40d674320c9aa1d4642d.js?body=1" for ::1 at 2015-09-12 22:25:23 -0700


Started GET "/assets/application.self-f8806224e027f3e3f0138ea9ce99319e298dfdb323304d1f1be6eae8e8c74724.js?body=1" for ::1 at 2015-09-12 22:25:23 -0700


Started GET "/" for ::1 at 2015-09-12 22:27:57 -0700
Processing by StaticPagesController#home as HTML
  Rendered static_pages/home.html.haml within layouts/application (0.1ms)
Completed 200 OK in 74ms (Views: 74.1ms | ActiveRecord: 0.0ms)


Started GET "/assets/application.self-3fde67c5f06e5f56425cc1cab9afefb5fc1f796aa1b98aa0af2b35441e14dc32.css?body=1" for ::1 at 2015-09-12 22:27:57 -0700


Started GET "/assets/jquery.self-a714331225dda820228db323939889f149aec0127aeb06255646b616ba1ca419.js?body=1" for ::1 at 2015-09-12 22:27:57 -0700


Started GET "/assets/jquery_ujs.self-d456baa54c1fa6be2ec3711f0a72ddf7a5b2f34a6b4f515f33767d6207b7d4b3.js?body=1" for ::1 at 2015-09-12 22:27:57 -0700


Started GET "/assets/bootstrap/alert.self-896ab026e6823f5cef2441e07dac53d0692a5b772ac58b1ce20aa624c342d3f4.js?body=1" for ::1 at 2015-09-12 22:27:57 -0700


Started GET "/assets/bootstrap/affix.self-f7aef9d98ee5ece34a6a92a6a15bba777d93e8d908b75c95a85088277f394200.js?body=1" for ::1 at 2015-09-12 22:27:57 -0700


Started GET "/assets/bootstrap/carousel.self-b2e5e14483e6c31343a83861b7d487620f143d6fc2d07d5ae7544b6b225ba6be.js?body=1" for ::1 at 2015-09-12 22:27:57 -0700


Started GET "/assets/bootstrap/button.self-d19f3e2bcd3a7a4d75c11b9141b3fabd2c11987da1e99c85548ec3ecf8db30c3.js?body=1" for ::1 at 2015-09-12 22:27:57 -0700


Started GET "/assets/bootstrap/collapse.self-93820e9b486e375a7fb4477602def3a6f8381fa6d50938d5378297ffbe4a1248.js?body=1" for ::1 at 2015-09-12 22:27:57 -0700


Started GET "/assets/bootstrap/dropdown.self-30536ae4d54b2685c26b5787ed0eb549a9075717fe690cce6270873bedf2df00.js?body=1" for ::1 at 2015-09-12 22:27:57 -0700


Started GET "/assets/bootstrap/tab.self-9b77df34cbbb08ec93a806d6cdb741f04e3dbf3389978a0679146f2d2987bc89.js?body=1" for ::1 at 2015-09-12 22:27:57 -0700


Started GET "/assets/bootstrap/transition.self-9616c4e856b57659b67da3c6f2adcd584b5601ef4bebcdadab8ebb387d80bb25.js?body=1" for ::1 at 2015-09-12 22:27:57 -0700


Started GET "/assets/bootstrap/scrollspy.self-c5c6ed008955656d345067e9821d79f1216b8383134d08465d4aa1a33a2b93b4.js?body=1" for ::1 at 2015-09-12 22:27:57 -0700


Started GET "/assets/bootstrap/modal.self-bcfe54f3132bf16a8c5ce4289e47eba488f6522a08f49f378a037061c6c7aa4c.js?body=1" for ::1 at 2015-09-12 22:27:57 -0700


Started GET "/assets/bootstrap/tooltip.self-3aa41fbe871573b34e0ebddf31598cd5a11a9841ca85f90934ea46326e46626d.js?body=1" for ::1 at 2015-09-12 22:27:57 -0700


Started GET "/assets/bootstrap/popover.self-b73e9c9111d01148e24bbc46e096782e024dc5db630e7078cf11ed2587ef8551.js?body=1" for ::1 at 2015-09-12 22:27:57 -0700


Started GET "/assets/bootstrap-sprockets.self-fbfa5ad7d9aa0afe439ec4ff3883acc4cb92b62cb67c40d674320c9aa1d4642d.js?body=1" for ::1 at 2015-09-12 22:27:57 -0700


Started GET "/assets/application.self-f8806224e027f3e3f0138ea9ce99319e298dfdb323304d1f1be6eae8e8c74724.js?body=1" for ::1 at 2015-09-12 22:27:57 -0700


Started GET "/assets/jquery_ujs.self-d456baa54c1fa6be2ec3711f0a72ddf7a5b2f34a6b4f515f33767d6207b7d4b3.js?body=1" for ::1 at 2015-09-12 22:27:57 -0700


Started GET "/" for ::1 at 2015-09-12 22:28:03 -0700
Processing by StaticPagesController#home as HTML
  Rendered static_pages/home.html.haml within layouts/application (0.1ms)
Completed 200 OK in 72ms (Views: 71.7ms | ActiveRecord: 0.0ms)


Started GET "/assets/jquery.self-a714331225dda820228db323939889f149aec0127aeb06255646b616ba1ca419.js?body=1" for ::1 at 2015-09-12 22:28:03 -0700


Started GET "/assets/application.self-b2e0e5fbeeeb3436b2458f5e65778caf416e6dcbb281e805a1d3b480c174e304.css?body=1" for ::1 at 2015-09-12 22:28:03 -0700


Started GET "/assets/bootstrap/affix.self-f7aef9d98ee5ece34a6a92a6a15bba777d93e8d908b75c95a85088277f394200.js?body=1" for ::1 at 2015-09-12 22:28:03 -0700


Started GET "/assets/bootstrap/button.self-d19f3e2bcd3a7a4d75c11b9141b3fabd2c11987da1e99c85548ec3ecf8db30c3.js?body=1" for ::1 at 2015-09-12 22:28:03 -0700


Started GET "/assets/bootstrap/alert.self-896ab026e6823f5cef2441e07dac53d0692a5b772ac58b1ce20aa624c342d3f4.js?body=1" for ::1 at 2015-09-12 22:28:03 -0700


Started GET "/assets/jquery_ujs.self-d456baa54c1fa6be2ec3711f0a72ddf7a5b2f34a6b4f515f33767d6207b7d4b3.js?body=1" for ::1 at 2015-09-12 22:28:03 -0700


Started GET "/assets/bootstrap/carousel.self-b2e5e14483e6c31343a83861b7d487620f143d6fc2d07d5ae7544b6b225ba6be.js?body=1" for ::1 at 2015-09-12 22:28:03 -0700


Started GET "/assets/bootstrap/collapse.self-93820e9b486e375a7fb4477602def3a6f8381fa6d50938d5378297ffbe4a1248.js?body=1" for ::1 at 2015-09-12 22:28:03 -0700


Started GET "/assets/bootstrap/dropdown.self-30536ae4d54b2685c26b5787ed0eb549a9075717fe690cce6270873bedf2df00.js?body=1" for ::1 at 2015-09-12 22:28:03 -0700


Started GET "/assets/bootstrap/tab.self-9b77df34cbbb08ec93a806d6cdb741f04e3dbf3389978a0679146f2d2987bc89.js?body=1" for ::1 at 2015-09-12 22:28:03 -0700


Started GET "/assets/bootstrap/transition.self-9616c4e856b57659b67da3c6f2adcd584b5601ef4bebcdadab8ebb387d80bb25.js?body=1" for ::1 at 2015-09-12 22:28:03 -0700


Started GET "/assets/bootstrap/scrollspy.self-c5c6ed008955656d345067e9821d79f1216b8383134d08465d4aa1a33a2b93b4.js?body=1" for ::1 at 2015-09-12 22:28:03 -0700


Started GET "/assets/bootstrap/modal.self-bcfe54f3132bf16a8c5ce4289e47eba488f6522a08f49f378a037061c6c7aa4c.js?body=1" for ::1 at 2015-09-12 22:28:03 -0700


Started GET "/assets/bootstrap/tooltip.self-3aa41fbe871573b34e0ebddf31598cd5a11a9841ca85f90934ea46326e46626d.js?body=1" for ::1 at 2015-09-12 22:28:03 -0700


Started GET "/assets/bootstrap/popover.self-b73e9c9111d01148e24bbc46e096782e024dc5db630e7078cf11ed2587ef8551.js?body=1" for ::1 at 2015-09-12 22:28:03 -0700


Started GET "/assets/application.self-f8806224e027f3e3f0138ea9ce99319e298dfdb323304d1f1be6eae8e8c74724.js?body=1" for ::1 at 2015-09-12 22:28:03 -0700


Started GET "/assets/bootstrap-sprockets.self-fbfa5ad7d9aa0afe439ec4ff3883acc4cb92b62cb67c40d674320c9aa1d4642d.js?body=1" for ::1 at 2015-09-12 22:28:03 -0700


Started GET "/" for ::1 at 2015-09-12 22:30:49 -0700
Processing by StaticPagesController#home as HTML
  Rendered static_pages/home.html.haml within layouts/application (0.1ms)
Completed 200 OK in 75ms (Views: 75.1ms | ActiveRecord: 0.0ms)


Started GET "/assets/application.self-15624f4cff96ef6262e45a067b6a4dfb61783955615c38528d5fedf58d92d543.css?body=1" for ::1 at 2015-09-12 22:30:49 -0700


Started GET "/assets/jquery.self-a714331225dda820228db323939889f149aec0127aeb06255646b616ba1ca419.js?body=1" for ::1 at 2015-09-12 22:30:49 -0700


Started GET "/assets/jquery_ujs.self-d456baa54c1fa6be2ec3711f0a72ddf7a5b2f34a6b4f515f33767d6207b7d4b3.js?body=1" for ::1 at 2015-09-12 22:30:49 -0700


Started GET "/assets/bootstrap/affix.self-f7aef9d98ee5ece34a6a92a6a15bba777d93e8d908b75c95a85088277f394200.js?body=1" for ::1 at 2015-09-12 22:30:49 -0700


Started GET "/assets/bootstrap/alert.self-896ab026e6823f5cef2441e07dac53d0692a5b772ac58b1ce20aa624c342d3f4.js?body=1" for ::1 at 2015-09-12 22:30:49 -0700


Started GET "/assets/bootstrap/carousel.self-b2e5e14483e6c31343a83861b7d487620f143d6fc2d07d5ae7544b6b225ba6be.js?body=1" for ::1 at 2015-09-12 22:30:49 -0700


Started GET "/assets/bootstrap/button.self-d19f3e2bcd3a7a4d75c11b9141b3fabd2c11987da1e99c85548ec3ecf8db30c3.js?body=1" for ::1 at 2015-09-12 22:30:49 -0700


Started GET "/assets/bootstrap/collapse.self-93820e9b486e375a7fb4477602def3a6f8381fa6d50938d5378297ffbe4a1248.js?body=1" for ::1 at 2015-09-12 22:30:49 -0700


Started GET "/assets/bootstrap/dropdown.self-30536ae4d54b2685c26b5787ed0eb549a9075717fe690cce6270873bedf2df00.js?body=1" for ::1 at 2015-09-12 22:30:49 -0700


Started GET "/assets/bootstrap/tab.self-9b77df34cbbb08ec93a806d6cdb741f04e3dbf3389978a0679146f2d2987bc89.js?body=1" for ::1 at 2015-09-12 22:30:49 -0700


Started GET "/assets/bootstrap/transition.self-9616c4e856b57659b67da3c6f2adcd584b5601ef4bebcdadab8ebb387d80bb25.js?body=1" for ::1 at 2015-09-12 22:30:49 -0700


Started GET "/assets/bootstrap/scrollspy.self-c5c6ed008955656d345067e9821d79f1216b8383134d08465d4aa1a33a2b93b4.js?body=1" for ::1 at 2015-09-12 22:30:49 -0700


Started GET "/assets/bootstrap/modal.self-bcfe54f3132bf16a8c5ce4289e47eba488f6522a08f49f378a037061c6c7aa4c.js?body=1" for ::1 at 2015-09-12 22:30:49 -0700


Started GET "/assets/bootstrap/tooltip.self-3aa41fbe871573b34e0ebddf31598cd5a11a9841ca85f90934ea46326e46626d.js?body=1" for ::1 at 2015-09-12 22:30:49 -0700


Started GET "/assets/bootstrap-sprockets.self-fbfa5ad7d9aa0afe439ec4ff3883acc4cb92b62cb67c40d674320c9aa1d4642d.js?body=1" for ::1 at 2015-09-12 22:30:49 -0700


Started GET "/assets/bootstrap/popover.self-b73e9c9111d01148e24bbc46e096782e024dc5db630e7078cf11ed2587ef8551.js?body=1" for ::1 at 2015-09-12 22:30:49 -0700


Started GET "/assets/application.self-f8806224e027f3e3f0138ea9ce99319e298dfdb323304d1f1be6eae8e8c74724.js?body=1" for ::1 at 2015-09-12 22:30:49 -0700


Started GET "/assets/bootstrap-sprockets.self-fbfa5ad7d9aa0afe439ec4ff3883acc4cb92b62cb67c40d674320c9aa1d4642d.js?body=1" for ::1 at 2015-09-12 22:30:49 -0700


Started GET "/" for ::1 at 2015-09-12 22:30:57 -0700
Processing by StaticPagesController#home as HTML
  Rendered static_pages/home.html.haml within layouts/application (0.1ms)
Completed 200 OK in 95ms (Views: 94.2ms | ActiveRecord: 0.0ms)


Started GET "/assets/application.self-ee08d372722bf80793888d02625f2441c3adcb8316940c3cb22003f41d0c6c3b.css?body=1" for ::1 at 2015-09-12 22:30:57 -0700


Started GET "/assets/jquery_ujs.self-d456baa54c1fa6be2ec3711f0a72ddf7a5b2f34a6b4f515f33767d6207b7d4b3.js?body=1" for ::1 at 2015-09-12 22:30:57 -0700


Started GET "/assets/bootstrap/affix.self-f7aef9d98ee5ece34a6a92a6a15bba777d93e8d908b75c95a85088277f394200.js?body=1" for ::1 at 2015-09-12 22:30:57 -0700


Started GET "/assets/bootstrap/alert.self-896ab026e6823f5cef2441e07dac53d0692a5b772ac58b1ce20aa624c342d3f4.js?body=1" for ::1 at 2015-09-12 22:30:57 -0700


Started GET "/assets/jquery.self-a714331225dda820228db323939889f149aec0127aeb06255646b616ba1ca419.js?body=1" for ::1 at 2015-09-12 22:30:57 -0700


Started GET "/assets/bootstrap/button.self-d19f3e2bcd3a7a4d75c11b9141b3fabd2c11987da1e99c85548ec3ecf8db30c3.js?body=1" for ::1 at 2015-09-12 22:30:57 -0700


Started GET "/assets/bootstrap/carousel.self-b2e5e14483e6c31343a83861b7d487620f143d6fc2d07d5ae7544b6b225ba6be.js?body=1" for ::1 at 2015-09-12 22:30:57 -0700


Started GET "/assets/bootstrap/collapse.self-93820e9b486e375a7fb4477602def3a6f8381fa6d50938d5378297ffbe4a1248.js?body=1" for ::1 at 2015-09-12 22:30:57 -0700


Started GET "/assets/bootstrap/dropdown.self-30536ae4d54b2685c26b5787ed0eb549a9075717fe690cce6270873bedf2df00.js?body=1" for ::1 at 2015-09-12 22:30:57 -0700


Started GET "/assets/bootstrap/tab.self-9b77df34cbbb08ec93a806d6cdb741f04e3dbf3389978a0679146f2d2987bc89.js?body=1" for ::1 at 2015-09-12 22:30:57 -0700


Started GET "/assets/bootstrap/transition.self-9616c4e856b57659b67da3c6f2adcd584b5601ef4bebcdadab8ebb387d80bb25.js?body=1" for ::1 at 2015-09-12 22:30:57 -0700


Started GET "/assets/bootstrap/scrollspy.self-c5c6ed008955656d345067e9821d79f1216b8383134d08465d4aa1a33a2b93b4.js?body=1" for ::1 at 2015-09-12 22:30:58 -0700


Started GET "/assets/bootstrap/modal.self-bcfe54f3132bf16a8c5ce4289e47eba488f6522a08f49f378a037061c6c7aa4c.js?body=1" for ::1 at 2015-09-12 22:30:58 -0700


Started GET "/assets/bootstrap/tooltip.self-3aa41fbe871573b34e0ebddf31598cd5a11a9841ca85f90934ea46326e46626d.js?body=1" for ::1 at 2015-09-12 22:30:58 -0700


Started GET "/assets/bootstrap/popover.self-b73e9c9111d01148e24bbc46e096782e024dc5db630e7078cf11ed2587ef8551.js?body=1" for ::1 at 2015-09-12 22:30:58 -0700


Started GET "/assets/bootstrap-sprockets.self-fbfa5ad7d9aa0afe439ec4ff3883acc4cb92b62cb67c40d674320c9aa1d4642d.js?body=1" for ::1 at 2015-09-12 22:30:58 -0700


Started GET "/assets/application.self-f8806224e027f3e3f0138ea9ce99319e298dfdb323304d1f1be6eae8e8c74724.js?body=1" for ::1 at 2015-09-12 22:30:58 -0700


Started GET "/assets/background-ede168f90ef8166a17563aaecd820f568b5dd2be615fac73d9baf60c55fc34b2.jpg" for ::1 at 2015-09-12 22:30:58 -0700


Started GET "/" for ::1 at 2015-09-12 22:31:12 -0700
Processing by StaticPagesController#home as HTML
  Rendered static_pages/home.html.haml within layouts/application (0.1ms)
Completed 200 OK in 82ms (Views: 81.6ms | ActiveRecord: 0.0ms)


Started GET "/assets/application.self-19697e94bddf2045848d9dc61453400e39d544c0d3956fd33eac83b66c05eb8c.css?body=1" for ::1 at 2015-09-12 22:31:13 -0700


Started GET "/assets/jquery.self-a714331225dda820228db323939889f149aec0127aeb06255646b616ba1ca419.js?body=1" for ::1 at 2015-09-12 22:31:13 -0700


Started GET "/assets/bootstrap/alert.self-896ab026e6823f5cef2441e07dac53d0692a5b772ac58b1ce20aa624c342d3f4.js?body=1" for ::1 at 2015-09-12 22:31:13 -0700


Started GET "/assets/bootstrap/affix.self-f7aef9d98ee5ece34a6a92a6a15bba777d93e8d908b75c95a85088277f394200.js?body=1" for ::1 at 2015-09-12 22:31:13 -0700


Started GET "/assets/jquery_ujs.self-d456baa54c1fa6be2ec3711f0a72ddf7a5b2f34a6b4f515f33767d6207b7d4b3.js?body=1" for ::1 at 2015-09-12 22:31:13 -0700


Started GET "/assets/bootstrap/button.self-d19f3e2bcd3a7a4d75c11b9141b3fabd2c11987da1e99c85548ec3ecf8db30c3.js?body=1" for ::1 at 2015-09-12 22:31:13 -0700


Started GET "/assets/bootstrap/carousel.self-b2e5e14483e6c31343a83861b7d487620f143d6fc2d07d5ae7544b6b225ba6be.js?body=1" for ::1 at 2015-09-12 22:31:13 -0700


Started GET "/assets/bootstrap/collapse.self-93820e9b486e375a7fb4477602def3a6f8381fa6d50938d5378297ffbe4a1248.js?body=1" for ::1 at 2015-09-12 22:31:13 -0700


Started GET "/assets/bootstrap/dropdown.self-30536ae4d54b2685c26b5787ed0eb549a9075717fe690cce6270873bedf2df00.js?body=1" for ::1 at 2015-09-12 22:31:13 -0700


Started GET "/assets/bootstrap/tab.self-9b77df34cbbb08ec93a806d6cdb741f04e3dbf3389978a0679146f2d2987bc89.js?body=1" for ::1 at 2015-09-12 22:31:13 -0700


Started GET "/assets/bootstrap/transition.self-9616c4e856b57659b67da3c6f2adcd584b5601ef4bebcdadab8ebb387d80bb25.js?body=1" for ::1 at 2015-09-12 22:31:13 -0700


Started GET "/assets/bootstrap/scrollspy.self-c5c6ed008955656d345067e9821d79f1216b8383134d08465d4aa1a33a2b93b4.js?body=1" for ::1 at 2015-09-12 22:31:13 -0700


Started GET "/assets/bootstrap/modal.self-bcfe54f3132bf16a8c5ce4289e47eba488f6522a08f49f378a037061c6c7aa4c.js?body=1" for ::1 at 2015-09-12 22:31:13 -0700


Started GET "/assets/bootstrap/tooltip.self-3aa41fbe871573b34e0ebddf31598cd5a11a9841ca85f90934ea46326e46626d.js?body=1" for ::1 at 2015-09-12 22:31:13 -0700


Started GET "/assets/bootstrap/popover.self-b73e9c9111d01148e24bbc46e096782e024dc5db630e7078cf11ed2587ef8551.js?body=1" for ::1 at 2015-09-12 22:31:13 -0700


Started GET "/assets/bootstrap-sprockets.self-fbfa5ad7d9aa0afe439ec4ff3883acc4cb92b62cb67c40d674320c9aa1d4642d.js?body=1" for ::1 at 2015-09-12 22:31:13 -0700


Started GET "/assets/application.self-f8806224e027f3e3f0138ea9ce99319e298dfdb323304d1f1be6eae8e8c74724.js?body=1" for ::1 at 2015-09-12 22:31:13 -0700


Started GET "/assets/background-ede168f90ef8166a17563aaecd820f568b5dd2be615fac73d9baf60c55fc34b2.jpg" for ::1 at 2015-09-12 22:31:13 -0700


Started GET "/" for ::1 at 2015-09-12 22:31:38 -0700
Processing by StaticPagesController#home as HTML
  Rendered static_pages/home.html.haml within layouts/application (0.1ms)
Completed 200 OK in 81ms (Views: 80.9ms | ActiveRecord: 0.0ms)


Started GET "/assets/application.self-e354c4b8f45c1786c9d615bff1af3c37dc52badab8db8d6e35ef6637bd1499c5.css?body=1" for ::1 at 2015-09-12 22:31:38 -0700


Started GET "/assets/jquery_ujs.self-d456baa54c1fa6be2ec3711f0a72ddf7a5b2f34a6b4f515f33767d6207b7d4b3.js?body=1" for ::1 at 2015-09-12 22:31:38 -0700


Started GET "/assets/bootstrap/alert.self-896ab026e6823f5cef2441e07dac53d0692a5b772ac58b1ce20aa624c342d3f4.js?body=1" for ::1 at 2015-09-12 22:31:38 -0700


Started GET "/assets/jquery.self-a714331225dda820228db323939889f149aec0127aeb06255646b616ba1ca419.js?body=1" for ::1 at 2015-09-12 22:31:38 -0700


Started GET "/assets/bootstrap/affix.self-f7aef9d98ee5ece34a6a92a6a15bba777d93e8d908b75c95a85088277f394200.js?body=1" for ::1 at 2015-09-12 22:31:38 -0700


Started GET "/assets/bootstrap/button.self-d19f3e2bcd3a7a4d75c11b9141b3fabd2c11987da1e99c85548ec3ecf8db30c3.js?body=1" for ::1 at 2015-09-12 22:31:38 -0700


Started GET "/assets/bootstrap/carousel.self-b2e5e14483e6c31343a83861b7d487620f143d6fc2d07d5ae7544b6b225ba6be.js?body=1" for ::1 at 2015-09-12 22:31:38 -0700


Started GET "/assets/bootstrap/collapse.self-93820e9b486e375a7fb4477602def3a6f8381fa6d50938d5378297ffbe4a1248.js?body=1" for ::1 at 2015-09-12 22:31:38 -0700


Started GET "/assets/bootstrap/dropdown.self-30536ae4d54b2685c26b5787ed0eb549a9075717fe690cce6270873bedf2df00.js?body=1" for ::1 at 2015-09-12 22:31:38 -0700


Started GET "/assets/bootstrap/tab.self-9b77df34cbbb08ec93a806d6cdb741f04e3dbf3389978a0679146f2d2987bc89.js?body=1" for ::1 at 2015-09-12 22:31:38 -0700


Started GET "/assets/bootstrap/transition.self-9616c4e856b57659b67da3c6f2adcd584b5601ef4bebcdadab8ebb387d80bb25.js?body=1" for ::1 at 2015-09-12 22:31:38 -0700


Started GET "/assets/bootstrap/scrollspy.self-c5c6ed008955656d345067e9821d79f1216b8383134d08465d4aa1a33a2b93b4.js?body=1" for ::1 at 2015-09-12 22:31:38 -0700


Started GET "/assets/bootstrap/modal.self-bcfe54f3132bf16a8c5ce4289e47eba488f6522a08f49f378a037061c6c7aa4c.js?body=1" for ::1 at 2015-09-12 22:31:38 -0700


Started GET "/assets/bootstrap/tooltip.self-3aa41fbe871573b34e0ebddf31598cd5a11a9841ca85f90934ea46326e46626d.js?body=1" for ::1 at 2015-09-12 22:31:38 -0700


Started GET "/assets/bootstrap/popover.self-b73e9c9111d01148e24bbc46e096782e024dc5db630e7078cf11ed2587ef8551.js?body=1" for ::1 at 2015-09-12 22:31:38 -0700


Started GET "/assets/bootstrap-sprockets.self-fbfa5ad7d9aa0afe439ec4ff3883acc4cb92b62cb67c40d674320c9aa1d4642d.js?body=1" for ::1 at 2015-09-12 22:31:38 -0700


Started GET "/assets/application.self-f8806224e027f3e3f0138ea9ce99319e298dfdb323304d1f1be6eae8e8c74724.js?body=1" for ::1 at 2015-09-12 22:31:38 -0700


Started GET "/assets/background-ede168f90ef8166a17563aaecd820f568b5dd2be615fac73d9baf60c55fc34b2.jpg" for ::1 at 2015-09-12 22:31:38 -0700
